#
# There is insufficient memory for the Java Runtime Environment to continue.
# Native memory allocation (mmap) failed to map 1233125376 bytes for G1 virtual space
# Possible reasons:
#   The system is out of physical RAM or swap space
#   The process is running with CompressedOops enabled, and the Java Heap may be blocking the growth of the native heap
# Possible solutions:
#   Reduce memory load on the system
#   Increase physical memory or swap space
#   Check if swap backing store is full
#   Decrease Java heap size (-Xmx/-Xms)
#   Decrease number of Java threads
#   Decrease Java thread stack sizes (-Xss)
#   Set larger code cache with -XX:ReservedCodeCacheSize=
#   JVM is running with Zero Based Compressed Oops mode in which the Java heap is
#     placed in the first 32GB address space. The Java Heap base address is the
#     maximum limit for the native heap growth. Please use -XX:HeapBaseMinAddress
#     to set the Java Heap base and to place the Java Heap above 32GB virtual address.
# This output file may be truncated or incomplete.
#
#  Out of Memory Error (os_windows.cpp:3551), pid=14080, tid=17472
#
# JRE version: Java(TM) SE Runtime Environment (17.0.14+8) (build 17.0.14+8-LTS-191)
# Java VM: Java HotSpot(TM) 64-Bit Server VM (17.0.14+8-LTS-191, mixed mode, sharing, tiered, compressed oops, compressed class ptrs, g1 gc, windows-amd64)
# No core dump will be written. Minidumps are not enabled by default on client versions of Windows
#

---------------  S U M M A R Y ------------

Command Line: --add-opens=java.base/java.lang=ALL-UNNAMED --add-opens=java.base/java.lang.invoke=ALL-UNNAMED --add-opens=java.base/java.util=ALL-UNNAMED --add-opens=java.prefs/java.util.prefs=ALL-UNNAMED --add-exports=jdk.compiler/com.sun.tools.javac.api=ALL-UNNAMED --add-exports=jdk.compiler/com.sun.tools.javac.util=ALL-UNNAMED --add-opens=java.base/java.util=ALL-UNNAMED --add-opens=java.prefs/java.util.prefs=ALL-UNNAMED --add-opens=java.base/java.nio.charset=ALL-UNNAMED --add-opens=java.base/java.net=ALL-UNNAMED --add-opens=java.base/java.util.concurrent.atomic=ALL-UNNAMED --add-opens=java.xml/javax.xml.namespace=ALL-UNNAMED -XX:MaxMetaspaceSize=4G -XX:ReservedCodeCacheSize=512m -XX:+HeapDumpOnOutOfMemoryError -Xmx8G -Dfile.encoding=windows-1252 -Duser.country=US -Duser.language=en -Duser.variant -javaagent:C:\Users\peter\.gradle\wrapper\dists\gradle-8.14-all\c2qonpi39x1mddn7hk5gh9iqj\gradle-8.14\lib\agents\gradle-instrumentation-agent-8.14.jar org.gradle.launcher.daemon.bootstrap.GradleDaemon 8.14

Host: AMD Ryzen 3 3250U with Radeon Graphics         , 4 cores, 9G,  Windows 11 , 64 bit Build 26100 (10.0.26100.7934)
Time: Tue Apr 14 12:26:34 2026 India Standard Time elapsed time: 331.865130 seconds (0d 0h 5m 31s)

---------------  T H R E A D  ---------------

Current thread (0x000002476d4dd110):  VMThread "VM Thread" [stack: 0x0000008841d00000,0x0000008841e00000] [id=17472]

Stack: [0x0000008841d00000,0x0000008841e00000]
Native frames: (J=compiled Java code, j=interpreted, Vv=VM code, C=native code)
V  [jvm.dll+0x67a38a]
V  [jvm.dll+0x7da7ed]
V  [jvm.dll+0x7dc133]
V  [jvm.dll+0x7dc7a3]
V  [jvm.dll+0x24517f]
V  [jvm.dll+0x6773b9]
V  [jvm.dll+0x66c062]
V  [jvm.dll+0x302096]
V  [jvm.dll+0x309636]
V  [jvm.dll+0x359f8e]
V  [jvm.dll+0x35a1bf]
V  [jvm.dll+0x2d9168]
V  [jvm.dll+0x2d759d]
V  [jvm.dll+0x2d6bec]
V  [jvm.dll+0x31a74b]
V  [jvm.dll+0x7e109b]
V  [jvm.dll+0x7e1dd4]
V  [jvm.dll+0x7e22ed]
V  [jvm.dll+0x7e26c4]
V  [jvm.dll+0x7e2790]
V  [jvm.dll+0x78b04a]
V  [jvm.dll+0x679275]
C  [ucrtbase.dll+0x37b0]
C  [KERNEL32.DLL+0x2e8d7]
C  [ntdll.dll+0x8c40c]

VM_Operation (0x0000008845ffa910): G1CollectForAllocation, mode: safepoint, requested by thread 0x00000247b7d80110


---------------  P R O C E S S  ---------------

Threads class SMR info:
_java_thread_list=0x00000247beaaa6a0, length=86, elements={
0x000002473084f6a0, 0x000002476d4e2980, 0x000002476d4e3fc0, 0x000002476d4f9e20,
0x000002476d4fa6f0, 0x000002476d4fd3d0, 0x000002476d4fdca0, 0x000002476d4fe8a0,
0x000002476d5053b0, 0x000002476d9dc0e0, 0x000002476da1ce70, 0x000002476db81820,
0x00000247b55be010, 0x00000247b436c280, 0x000002476d9a6dd0, 0x00000247b34f60d0,
0x00000247b34968d0, 0x00000247b46aaa00, 0x00000247b46aa4f0, 0x00000247b46a8180,
0x00000247b46a90b0, 0x00000247b46a95c0, 0x00000247b46a9ad0, 0x00000247b46aaf10,
0x00000247b46ab420, 0x00000247b46a8690, 0x00000247b46a8ba0, 0x00000247b4a29310,
0x00000247b4a29d30, 0x00000247b4a2bb90, 0x00000247b4a28e00, 0x00000247b4a29820,
0x00000247b4a2d4e0, 0x00000247b4a2c0a0, 0x00000247b4a2a240, 0x00000247b4a2a750,
0x00000247b4a2e920, 0x00000247b4a2e410, 0x00000247b4a2ee30, 0x00000247b4a2f340,
0x00000247b4a2f850, 0x00000247b4a2fd60, 0x00000247b4a30270, 0x00000247b4c43ce0,
0x00000247b4c42390, 0x00000247b4c40a40, 0x00000247b4c40f50, 0x00000247b4c42db0,
0x00000247b4c41460, 0x00000247b4c41970, 0x00000247b4c432c0, 0x00000247b7d7f6f0,
0x00000247b7d80620, 0x00000247b7d7ecd0, 0x00000247b7d7dda0, 0x00000247b7d7ce70,
0x00000247b7d7f1e0, 0x00000247b7d80110, 0x00000247b7d7e2b0, 0x00000247b7d7fc00,
0x00000247b7d7d380, 0x00000247b7d7e7c0, 0x00000247b7d81040, 0x00000247b7d7d890,
0x00000247b7d847f0, 0x00000247b7d81a60, 0x00000247b7d81f70, 0x00000247b7d838c0,
0x00000247b7d842e0, 0x00000247b8838310, 0x00000247b64eedb0, 0x00000247b64ee8a0,
0x00000247b64f0c10, 0x00000247b64ed460, 0x00000247b64f3eb0, 0x00000247b64f2050,
0x00000247b64f1630, 0x00000247b64f1b40, 0x00000247b64f3490, 0x00000247b64f1120,
0x00000247b64f39a0, 0x00000247b64f43c0, 0x00000247b64f48d0, 0x00000247b64f2a70,
0x00000247b64f2f80, 0x00000247b7d82480
}

Java Threads: ( => current thread )
  0x000002473084f6a0 JavaThread "main" [_thread_blocked, id=15604, stack(0x0000008841700000,0x0000008841800000)]
  0x000002476d4e2980 JavaThread "Reference Handler" daemon [_thread_blocked, id=12632, stack(0x0000008841e00000,0x0000008841f00000)]
  0x000002476d4e3fc0 JavaThread "Finalizer" daemon [_thread_blocked, id=14400, stack(0x0000008841f00000,0x0000008842000000)]
  0x000002476d4f9e20 JavaThread "Signal Dispatcher" daemon [_thread_blocked, id=19648, stack(0x0000008842000000,0x0000008842100000)]
  0x000002476d4fa6f0 JavaThread "Attach Listener" daemon [_thread_blocked, id=3916, stack(0x0000008842100000,0x0000008842200000)]
  0x000002476d4fd3d0 JavaThread "Service Thread" daemon [_thread_blocked, id=268, stack(0x0000008842200000,0x0000008842300000)]
  0x000002476d4fdca0 JavaThread "Monitor Deflation Thread" daemon [_thread_blocked, id=8152, stack(0x0000008842300000,0x0000008842400000)]
  0x000002476d4fe8a0 JavaThread "C2 CompilerThread0" daemon [_thread_blocked, id=8872, stack(0x0000008842400000,0x0000008842500000)]
  0x000002476d5053b0 JavaThread "C1 CompilerThread0" daemon [_thread_blocked, id=14664, stack(0x0000008842500000,0x0000008842600000)]
  0x000002476d9dc0e0 JavaThread "Sweeper thread" daemon [_thread_blocked, id=18832, stack(0x0000008842600000,0x0000008842700000)]
  0x000002476da1ce70 JavaThread "Common-Cleaner" daemon [_thread_blocked, id=10484, stack(0x0000008842700000,0x0000008842800000)]
  0x000002476db81820 JavaThread "Notification Thread" daemon [_thread_blocked, id=11872, stack(0x0000008842800000,0x0000008842900000)]
  0x00000247b55be010 JavaThread "Daemon health stats" [_thread_blocked, id=24168, stack(0x0000008842e00000,0x0000008842f00000)]
  0x00000247b436c280 JavaThread "Incoming local TCP Connector on port 52716" [_thread_in_native, id=23604, stack(0x0000008842f00000,0x0000008843000000)]
  0x000002476d9a6dd0 JavaThread "Daemon periodic checks" [_thread_blocked, id=14776, stack(0x0000008843000000,0x0000008843100000)]
  0x00000247b34f60d0 JavaThread "Daemon" [_thread_blocked, id=22308, stack(0x0000008843100000,0x0000008843200000)]
  0x00000247b34968d0 JavaThread "Handler for socket connection from /127.0.0.1:52716 to /127.0.0.1:52717" [_thread_in_native, id=26612, stack(0x0000008843200000,0x0000008843300000)]
  0x00000247b46aaa00 JavaThread "Cancel handler" [_thread_blocked, id=12272, stack(0x0000008843300000,0x0000008843400000)]
  0x00000247b46aa4f0 JavaThread "Daemon worker" [_thread_blocked, id=22732, stack(0x0000008843400000,0x0000008843500000)]
  0x00000247b46a8180 JavaThread "Asynchronous log dispatcher for DefaultDaemonConnection: socket connection from /127.0.0.1:52716 to /127.0.0.1:52717" [_thread_blocked, id=21956, stack(0x0000008843500000,0x0000008843600000)]
  0x00000247b46a90b0 JavaThread "Stdin handler" [_thread_blocked, id=25944, stack(0x0000008843600000,0x0000008843700000)]
  0x00000247b46a95c0 JavaThread "Daemon client event forwarder" [_thread_blocked, id=4900, stack(0x0000008843700000,0x0000008843800000)]
  0x00000247b46a9ad0 JavaThread "Cache worker for journal cache (C:\Users\peter\.gradle\caches\journal-1)" [_thread_blocked, id=18528, stack(0x0000008843800000,0x0000008843900000)]
  0x00000247b46aaf10 JavaThread "File lock request listener" [_thread_in_native, id=22828, stack(0x0000008843900000,0x0000008843a00000)]
  0x00000247b46ab420 JavaThread "Cache worker for file hash cache (C:\Users\peter\.gradle\caches\8.14\fileHashes)" [_thread_blocked, id=21256, stack(0x0000008843a00000,0x0000008843b00000)]
  0x00000247b46a8690 JavaThread "Cache worker for file hash cache (E:\tether\android\.gradle\8.14\fileHashes)" [_thread_blocked, id=19188, stack(0x0000008843c00000,0x0000008843d00000)]
  0x00000247b46a8ba0 JavaThread "Cache worker for Build Output Cleanup Cache (E:\tether\android\.gradle\buildOutputCleanup)" [_thread_blocked, id=7752, stack(0x0000008843d00000,0x0000008843e00000)]
  0x00000247b4a29310 JavaThread "File watcher server" daemon [_thread_in_native, id=28368, stack(0x0000008843e00000,0x0000008843f00000)]
  0x00000247b4a29d30 JavaThread "File watcher consumer" daemon [_thread_blocked, id=1748, stack(0x0000008843f00000,0x0000008844000000)]
  0x00000247b4a2bb90 JavaThread "Cache worker for checksums cache (E:\tether\android\.gradle\8.14\checksums)" [_thread_blocked, id=12224, stack(0x0000008843b00000,0x0000008843c00000)]
  0x00000247b4a28e00 JavaThread "Cache worker for file content cache (C:\Users\peter\.gradle\caches\8.14\fileContent)" [_thread_blocked, id=23600, stack(0x0000008844000000,0x0000008844100000)]
  0x00000247b4a29820 JavaThread "Cache worker for cache directory md-supplier (C:\Users\peter\.gradle\caches\8.14\md-supplier)" [_thread_blocked, id=28668, stack(0x0000008844200000,0x0000008844300000)]
  0x00000247b4a2d4e0 JavaThread "Cache worker for cache directory md-rule (C:\Users\peter\.gradle\caches\8.14\md-rule)" [_thread_blocked, id=28720, stack(0x0000008844300000,0x0000008844400000)]
  0x00000247b4a2c0a0 JavaThread "Cache worker for Build Output Cleanup Cache (C:\Users\peter\dev\flutter\packages\flutter_tools\gradle\.gradle\buildOutputCleanup)" [_thread_blocked, id=18780, stack(0x0000008844400000,0x0000008844500000)]
  0x00000247b4a2a240 JavaThread "Unconstrained build operations" [_thread_blocked, id=16644, stack(0x0000008844100000,0x0000008844200000)]
  0x00000247b4a2a750 JavaThread "Unconstrained build operations Thread 2" [_thread_blocked, id=14076, stack(0x0000008844600000,0x0000008844700000)]
  0x00000247b4a2e920 JavaThread "Unconstrained build operations Thread 3" [_thread_blocked, id=16700, stack(0x0000008844700000,0x0000008844800000)]
  0x00000247b4a2e410 JavaThread "Unconstrained build operations Thread 4" [_thread_blocked, id=11744, stack(0x0000008844800000,0x0000008844900000)]
  0x00000247b4a2ee30 JavaThread "Unconstrained build operations Thread 5" [_thread_blocked, id=13892, stack(0x0000008844900000,0x0000008844a00000)]
  0x00000247b4a2f340 JavaThread "Unconstrained build operations Thread 6" [_thread_blocked, id=24784, stack(0x0000008844a00000,0x0000008844b00000)]
  0x00000247b4a2f850 JavaThread "Unconstrained build operations Thread 7" [_thread_blocked, id=13980, stack(0x0000008844c00000,0x0000008844d00000)]
  0x00000247b4a2fd60 JavaThread "Unconstrained build operations Thread 8" [_thread_blocked, id=19232, stack(0x0000008844d00000,0x0000008844e00000)]
  0x00000247b4a30270 JavaThread "Unconstrained build operations Thread 9" [_thread_blocked, id=7312, stack(0x0000008844e00000,0x0000008844f00000)]
  0x00000247b4c43ce0 JavaThread "Memory manager" [_thread_blocked, id=9756, stack(0x0000008845100000,0x0000008845200000)]
  0x00000247b4c42390 JavaThread "build event listener" [_thread_blocked, id=5952, stack(0x0000008844b00000,0x0000008844c00000)]
  0x00000247b4c40a40 JavaThread "Execution worker" [_thread_blocked, id=27456, stack(0x0000008845300000,0x0000008845400000)]
  0x00000247b4c40f50 JavaThread "Execution worker Thread 2" [_thread_blocked, id=25612, stack(0x0000008845400000,0x0000008845500000)]
  0x00000247b4c42db0 JavaThread "Execution worker Thread 3" [_thread_blocked, id=17172, stack(0x0000008845500000,0x0000008845600000)]
  0x00000247b4c41460 JavaThread "Cache worker for execution history cache (C:\Users\peter\dev\flutter\packages\flutter_tools\gradle\.gradle\8.14\executionHistory)" [_thread_blocked, id=9632, stack(0x0000008845600000,0x0000008845700000)]
  0x00000247b4c41970 JavaThread "Unconstrained build operations Thread 10" [_thread_blocked, id=9256, stack(0x0000008845700000,0x0000008845800000)]
  0x00000247b4c432c0 JavaThread "Unconstrained build operations Thread 11" [_thread_blocked, id=14496, stack(0x0000008845800000,0x0000008845900000)]
  0x00000247b7d7f6f0 JavaThread "Unconstrained build operations Thread 12" [_thread_blocked, id=4572, stack(0x0000008845900000,0x0000008845a00000)]
  0x00000247b7d80620 JavaThread "Unconstrained build operations Thread 13" [_thread_blocked, id=6812, stack(0x0000008845a00000,0x0000008845b00000)]
  0x00000247b7d7ecd0 JavaThread "Unconstrained build operations Thread 14" [_thread_blocked, id=22432, stack(0x0000008845b00000,0x0000008845c00000)]
  0x00000247b7d7dda0 JavaThread "Unconstrained build operations Thread 15" [_thread_blocked, id=20640, stack(0x0000008845c00000,0x0000008845d00000)]
  0x00000247b7d7ce70 JavaThread "Unconstrained build operations Thread 16" [_thread_blocked, id=23812, stack(0x0000008845d00000,0x0000008845e00000)]
  0x00000247b7d7f1e0 JavaThread "Unconstrained build operations Thread 17" [_thread_blocked, id=9088, stack(0x0000008845e00000,0x0000008845f00000)]
  0x00000247b7d80110 JavaThread "Unconstrained build operations Thread 18" [_thread_blocked, id=10184, stack(0x0000008845f00000,0x0000008846000000)]
  0x00000247b7d7e2b0 JavaThread "Unconstrained build operations Thread 19" [_thread_blocked, id=25208, stack(0x0000008846000000,0x0000008846100000)]
  0x00000247b7d7fc00 JavaThread "Unconstrained build operations Thread 20" [_thread_blocked, id=7244, stack(0x0000008846100000,0x0000008846200000)]
  0x00000247b7d7d380 JavaThread "Unconstrained build operations Thread 21" [_thread_blocked, id=17980, stack(0x0000008846200000,0x0000008846300000)]
  0x00000247b7d7e7c0 JavaThread "Unconstrained build operations Thread 22" [_thread_blocked, id=3092, stack(0x0000008846300000,0x0000008846400000)]
  0x00000247b7d81040 JavaThread "Unconstrained build operations Thread 23" [_thread_blocked, id=1092, stack(0x0000008846400000,0x0000008846500000)]
  0x00000247b7d7d890 JavaThread "Unconstrained build operations Thread 24" [_thread_blocked, id=20188, stack(0x0000008846500000,0x0000008846600000)]
  0x00000247b7d847f0 JavaThread "Unconstrained build operations Thread 25" [_thread_blocked, id=26776, stack(0x0000008846600000,0x0000008846700000)]
  0x00000247b7d81a60 JavaThread "Unconstrained build operations Thread 26" [_thread_blocked, id=23088, stack(0x0000008846700000,0x0000008846800000)]
  0x00000247b7d81f70 JavaThread "Unconstrained build operations Thread 27" [_thread_blocked, id=11268, stack(0x0000008846900000,0x0000008846a00000)]
  0x00000247b7d838c0 JavaThread "Unconstrained build operations Thread 28" [_thread_blocked, id=22724, stack(0x0000008846a00000,0x0000008846b00000)]
  0x00000247b7d842e0 JavaThread "Unconstrained build operations Thread 29" [_thread_blocked, id=7800, stack(0x0000008846b00000,0x0000008846c00000)]
  0x00000247b8838310 JavaThread "build event listener" [_thread_blocked, id=23196, stack(0x0000008841500000,0x0000008841600000)]
  0x00000247b64eedb0 JavaThread "jar transforms" [_thread_blocked, id=23916, stack(0x0000008841600000,0x0000008841700000)]
  0x00000247b64ee8a0 JavaThread "Unconstrained build operations Thread 30" [_thread_blocked, id=20184, stack(0x0000008846c00000,0x0000008846d00000)]
  0x00000247b64f0c10 JavaThread "Unconstrained build operations Thread 31" [_thread_blocked, id=10860, stack(0x0000008846d00000,0x0000008846e00000)]
  0x00000247b64ed460 JavaThread "Unconstrained build operations Thread 32" [_thread_blocked, id=20560, stack(0x0000008846e00000,0x0000008846f00000)]
  0x00000247b64f3eb0 JavaThread "Unconstrained build operations Thread 33" [_thread_blocked, id=8072, stack(0x0000008846f00000,0x0000008847000000)]
  0x00000247b64f2050 JavaThread "Unconstrained build operations Thread 34" [_thread_blocked, id=3104, stack(0x0000008847000000,0x0000008847100000)]
  0x00000247b64f1630 JavaThread "Unconstrained build operations Thread 35" [_thread_blocked, id=5928, stack(0x0000008847100000,0x0000008847200000)]
  0x00000247b64f1b40 JavaThread "Unconstrained build operations Thread 36" [_thread_blocked, id=10820, stack(0x0000008847200000,0x0000008847300000)]
  0x00000247b64f3490 JavaThread "Unconstrained build operations Thread 37" [_thread_blocked, id=17324, stack(0x0000008847300000,0x0000008847400000)]
  0x00000247b64f1120 JavaThread "Unconstrained build operations Thread 38" [_thread_blocked, id=10964, stack(0x0000008847400000,0x0000008847500000)]
  0x00000247b64f39a0 JavaThread "jar transforms Thread 2" [_thread_blocked, id=26292, stack(0x0000008846800000,0x0000008846900000)]
  0x00000247b64f43c0 JavaThread "Problems report writer" [_thread_blocked, id=2796, stack(0x0000008847500000,0x0000008847600000)]
  0x00000247b64f48d0 JavaThread "jar transforms Thread 3" [_thread_blocked, id=15556, stack(0x0000008847700000,0x0000008847800000)]
  0x00000247b64f2a70 JavaThread "Unconstrained build operations Thread 39" [_thread_blocked, id=9196, stack(0x0000008847800000,0x0000008847900000)]
  0x00000247b64f2f80 JavaThread "Unconstrained build operations Thread 40" [_thread_blocked, id=10068, stack(0x0000008847900000,0x0000008847a00000)]
  0x00000247b7d82480 JavaThread "jar transforms Thread 4" [_thread_blocked, id=10972, stack(0x0000008847600000,0x0000008847700000)]

Other Threads:
=>0x000002476d4dd110 VMThread "VM Thread" [stack: 0x0000008841d00000,0x0000008841e00000] [id=17472]
  0x000002476db66260 WatcherThread [stack: 0x0000008842900000,0x0000008842a00000] [id=24192]
  0x00000247308ffb70 GCTaskThread "GC Thread#0" [stack: 0x0000008841800000,0x0000008841900000] [id=13376]
  0x000002476dbd4bf0 GCTaskThread "GC Thread#1" [stack: 0x0000008842a00000,0x0000008842b00000] [id=1768]
  0x000002476dbddc10 GCTaskThread "GC Thread#2" [stack: 0x0000008842b00000,0x0000008842c00000] [id=21868]
  0x00000247b3c5cad0 GCTaskThread "GC Thread#3" [stack: 0x0000008841400000,0x0000008841500000] [id=27888]
  0x000002472e5be670 ConcurrentGCThread "G1 Main Marker" [stack: 0x0000008841900000,0x0000008841a00000] [id=10816]
  0x000002473090c190 ConcurrentGCThread "G1 Conc#0" [stack: 0x0000008841a00000,0x0000008841b00000] [id=27368]
  0x000002476d3921e0 ConcurrentGCThread "G1 Refine#0" [stack: 0x0000008841b00000,0x0000008841c00000] [id=892]
  0x000002476da4d070 ConcurrentGCThread "G1 Refine#1" [stack: 0x0000008842c00000,0x0000008842d00000] [id=20096]
  0x00000247b3a5c070 ConcurrentGCThread "G1 Refine#2" [stack: 0x0000008842d00000,0x0000008842e00000] [id=20820]
  0x000002476d3929c0 ConcurrentGCThread "G1 Service" [stack: 0x0000008841c00000,0x0000008841d00000] [id=22692]

Threads with active compile tasks:

VM state: at safepoint (normal execution)

VM Mutex/Monitor currently owned by a thread:  ([mutex/lock_event])
[0x0000024730848ad0] Threads_lock - owner thread: 0x000002476d4dd110
[0x0000024730848f50] Heap_lock - owner thread: 0x00000247b7d80110

Heap address: 0x0000000600000000, size: 8192 MB, Compressed Oops mode: Zero based, Oop shift amount: 3

CDS archive(s) mapped at: [0x000002476e000000-0x000002476ebd0000-0x000002476ebd0000), size 12386304, SharedBaseAddress: 0x000002476e000000, ArchiveRelocationMode: 1.
Compressed class space mapped at: 0x000002476f000000-0x00000247af000000, reserved size: 1073741824
Narrow klass base: 0x000002476e000000, Narrow klass shift: 0, Narrow klass range: 0x100000000

GC Precious Log:
 CPUs: 4 total, 4 available
 Memory: 10126M
 Large Page Support: Disabled
 NUMA Support: Disabled
 Compressed Oops: Enabled (Zero based)
 Heap Region Size: 4M
 Heap Min Capacity: 8M
 Heap Initial Capacity: 160M
 Heap Max Capacity: 8G
 Pre-touch: Disabled
 Parallel Workers: 4
 Concurrent Workers: 1
 Concurrent Refinement Workers: 4
 Periodic GC: Disabled

Heap:
 garbage-first heap   total 954368K, used 449077K [0x0000000600000000, 0x0000000800000000)
  region size 4096K, 5 young (20480K), 5 survivors (20480K)
 Metaspace       used 180423K, committed 181952K, reserved 1245184K
  class space    used 23348K, committed 24000K, reserved 1048576K

Heap Regions: E=young(eden), S=young(survivor), O=old, HS=humongous(starts), HC=humongous(continues), CS=collection set, F=free, OA=open archive, CA=closed archive, TAMS=top-at-mark-start (previous, next)
|   0|0x0000000600000000, 0x0000000600400000, 0x0000000600400000|100%|HS|  |TAMS 0x0000000600400000, 0x0000000600000000| Complete 
|   1|0x0000000600400000, 0x0000000600800000, 0x0000000600800000|100%| O|  |TAMS 0x0000000600800000, 0x0000000600400000| Untracked 
|   2|0x0000000600800000, 0x0000000600c00000, 0x0000000600c00000|100%| O|  |TAMS 0x0000000600c00000, 0x0000000600800000| Untracked 
|   3|0x0000000600c00000, 0x0000000601000000, 0x0000000601000000|100%| O|  |TAMS 0x0000000601000000, 0x0000000600c00000| Untracked 
|   4|0x0000000601000000, 0x0000000601400000, 0x0000000601400000|100%| O|  |TAMS 0x0000000601400000, 0x0000000601000000| Untracked 
|   5|0x0000000601400000, 0x0000000601800000, 0x0000000601800000|100%| O|  |TAMS 0x0000000601800000, 0x0000000601400000| Untracked 
|   6|0x0000000601800000, 0x0000000601c00000, 0x0000000601c00000|100%| O|  |TAMS 0x0000000601c00000, 0x0000000601800000| Untracked 
|   7|0x0000000601c00000, 0x0000000602000000, 0x0000000602000000|100%| O|  |TAMS 0x0000000602000000, 0x0000000601c00000| Untracked 
|   8|0x0000000602000000, 0x0000000602400000, 0x0000000602400000|100%| O|  |TAMS 0x0000000602400000, 0x0000000602000000| Untracked 
|   9|0x0000000602400000, 0x0000000602800000, 0x0000000602800000|100%| O|  |TAMS 0x0000000602800000, 0x0000000602400000| Untracked 
|  10|0x0000000602800000, 0x0000000602c00000, 0x0000000602c00000|100%| O|  |TAMS 0x0000000602c00000, 0x0000000602800000| Untracked 
|  11|0x0000000602c00000, 0x0000000603000000, 0x0000000603000000|100%| O|  |TAMS 0x0000000603000000, 0x0000000602c00000| Untracked 
|  12|0x0000000603000000, 0x0000000603400000, 0x0000000603400000|100%|HS|  |TAMS 0x0000000603400000, 0x0000000603000000| Complete 
|  13|0x0000000603400000, 0x0000000603800000, 0x0000000603800000|100%| O|  |TAMS 0x0000000603800000, 0x0000000603400000| Untracked 
|  14|0x0000000603800000, 0x0000000603c00000, 0x0000000603c00000|100%|HS|  |TAMS 0x0000000603c00000, 0x0000000603800000| Complete 
|  15|0x0000000603c00000, 0x0000000604000000, 0x0000000604000000|100%| O|  |TAMS 0x0000000604000000, 0x0000000603c00000| Untracked 
|  16|0x0000000604000000, 0x0000000604400000, 0x0000000604400000|100%| O|  |TAMS 0x0000000604400000, 0x0000000604000000| Untracked 
|  17|0x0000000604400000, 0x0000000604800000, 0x0000000604800000|100%| O|  |TAMS 0x0000000604800000, 0x0000000604400000| Untracked 
|  18|0x0000000604800000, 0x0000000604c00000, 0x0000000604c00000|100%| O|  |TAMS 0x0000000604c00000, 0x0000000604800000| Untracked 
|  19|0x0000000604c00000, 0x0000000605000000, 0x0000000605000000|100%| O|  |TAMS 0x0000000605000000, 0x0000000604c00000| Untracked 
|  20|0x0000000605000000, 0x0000000605400000, 0x0000000605400000|100%| O|  |TAMS 0x0000000605400000, 0x0000000605000000| Untracked 
|  21|0x0000000605400000, 0x0000000605800000, 0x0000000605800000|100%| O|  |TAMS 0x0000000605800000, 0x0000000605400000| Untracked 
|  22|0x0000000605800000, 0x0000000605c00000, 0x0000000605c00000|100%| O|  |TAMS 0x0000000605c00000, 0x0000000605800000| Untracked 
|  23|0x0000000605c00000, 0x0000000606000000, 0x0000000606000000|100%| O|  |TAMS 0x0000000606000000, 0x0000000605c00000| Untracked 
|  24|0x0000000606000000, 0x0000000606400000, 0x0000000606400000|100%| O|  |TAMS 0x0000000606400000, 0x0000000606000000| Untracked 
|  25|0x0000000606400000, 0x0000000606800000, 0x0000000606800000|100%| O|  |TAMS 0x0000000606800000, 0x0000000606400000| Untracked 
|  26|0x0000000606800000, 0x0000000606c00000, 0x0000000606c00000|100%| O|  |TAMS 0x0000000606c00000, 0x0000000606800000| Untracked 
|  27|0x0000000606c00000, 0x0000000607000000, 0x0000000607000000|100%| O|  |TAMS 0x0000000607000000, 0x0000000606c00000| Untracked 
|  28|0x0000000607000000, 0x0000000607400000, 0x0000000607400000|100%| O|  |TAMS 0x0000000607400000, 0x0000000607000000| Untracked 
|  29|0x0000000607400000, 0x0000000607800000, 0x0000000607800000|100%| O|  |TAMS 0x0000000607800000, 0x0000000607400000| Untracked 
|  30|0x0000000607800000, 0x0000000607c00000, 0x0000000607c00000|100%| O|  |TAMS 0x0000000607800000, 0x0000000607800000| Untracked 
|  31|0x0000000607c00000, 0x0000000608000000, 0x0000000608000000|100%| O|  |TAMS 0x0000000608000000, 0x0000000607c00000| Untracked 
|  32|0x0000000608000000, 0x0000000608400000, 0x0000000608400000|100%| O|  |TAMS 0x0000000608400000, 0x0000000608000000| Untracked 
|  33|0x0000000608400000, 0x0000000608800000, 0x0000000608800000|100%|HS|  |TAMS 0x0000000608800000, 0x0000000608400000| Complete 
|  34|0x0000000608800000, 0x0000000608c00000, 0x0000000608c00000|100%| O|  |TAMS 0x0000000608c00000, 0x0000000608800000| Untracked 
|  35|0x0000000608c00000, 0x0000000609000000, 0x0000000609000000|100%| O|  |TAMS 0x0000000609000000, 0x0000000608c00000| Untracked 
|  36|0x0000000609000000, 0x0000000609400000, 0x0000000609400000|100%| O|  |TAMS 0x0000000609400000, 0x0000000609000000| Untracked 
|  37|0x0000000609400000, 0x0000000609800000, 0x0000000609800000|100%| O|  |TAMS 0x0000000609800000, 0x0000000609400000| Untracked 
|  38|0x0000000609800000, 0x0000000609c00000, 0x0000000609c00000|100%| O|  |TAMS 0x0000000609c00000, 0x0000000609800000| Untracked 
|  39|0x0000000609c00000, 0x000000060a000000, 0x000000060a000000|100%| O|  |TAMS 0x000000060a000000, 0x0000000609c00000| Untracked 
|  40|0x000000060a000000, 0x000000060a400000, 0x000000060a400000|100%| O|  |TAMS 0x000000060a400000, 0x000000060a000000| Untracked 
|  41|0x000000060a400000, 0x000000060a800000, 0x000000060a800000|100%| O|  |TAMS 0x000000060a800000, 0x000000060a400000| Untracked 
|  42|0x000000060a800000, 0x000000060ac00000, 0x000000060ac00000|100%| O|  |TAMS 0x000000060a800000, 0x000000060a800000| Untracked 
|  43|0x000000060ac00000, 0x000000060b000000, 0x000000060b000000|100%| O|  |TAMS 0x000000060ac00000, 0x000000060ac00000| Untracked 
|  44|0x000000060b000000, 0x000000060b400000, 0x000000060b400000|100%| O|  |TAMS 0x000000060b400000, 0x000000060b000000| Untracked 
|  45|0x000000060b400000, 0x000000060b800000, 0x000000060b800000|100%| O|  |TAMS 0x000000060b800000, 0x000000060b400000| Untracked 
|  46|0x000000060b800000, 0x000000060bc00000, 0x000000060bc00000|100%| O|  |TAMS 0x000000060bc00000, 0x000000060b800000| Untracked 
|  47|0x000000060bc00000, 0x000000060c000000, 0x000000060c000000|100%| O|  |TAMS 0x000000060c000000, 0x000000060bc00000| Untracked 
|  48|0x000000060c000000, 0x000000060c400000, 0x000000060c400000|100%| O|  |TAMS 0x000000060c400000, 0x000000060c000000| Untracked 
|  49|0x000000060c400000, 0x000000060c800000, 0x000000060c800000|100%| O|  |TAMS 0x000000060c800000, 0x000000060c400000| Untracked 
|  50|0x000000060c800000, 0x000000060cc00000, 0x000000060cc00000|100%| O|  |TAMS 0x000000060cc00000, 0x000000060c800000| Untracked 
|  51|0x000000060cc00000, 0x000000060d000000, 0x000000060d000000|100%| O|  |TAMS 0x000000060d000000, 0x000000060cc00000| Untracked 
|  52|0x000000060d000000, 0x000000060d400000, 0x000000060d400000|100%| O|  |TAMS 0x000000060d400000, 0x000000060d000000| Untracked 
|  53|0x000000060d400000, 0x000000060d800000, 0x000000060d800000|100%| O|  |TAMS 0x000000060d800000, 0x000000060d400000| Untracked 
|  54|0x000000060d800000, 0x000000060dc00000, 0x000000060dc00000|100%| O|  |TAMS 0x000000060dc00000, 0x000000060d800000| Untracked 
|  55|0x000000060dc00000, 0x000000060e000000, 0x000000060e000000|100%| O|  |TAMS 0x000000060e000000, 0x000000060dc00000| Untracked 
|  56|0x000000060e000000, 0x000000060e400000, 0x000000060e400000|100%| O|  |TAMS 0x000000060e400000, 0x000000060e000000| Untracked 
|  57|0x000000060e400000, 0x000000060e800000, 0x000000060e800000|100%| O|  |TAMS 0x000000060e800000, 0x000000060e400000| Untracked 
|  58|0x000000060e800000, 0x000000060ec00000, 0x000000060ec00000|100%| O|  |TAMS 0x000000060ec00000, 0x000000060e800000| Untracked 
|  59|0x000000060ec00000, 0x000000060f000000, 0x000000060f000000|100%| O|  |TAMS 0x000000060f000000, 0x000000060ec00000| Untracked 
|  60|0x000000060f000000, 0x000000060f400000, 0x000000060f400000|100%|HS|  |TAMS 0x000000060f400000, 0x000000060f000000| Complete 
|  61|0x000000060f400000, 0x000000060f800000, 0x000000060f800000|100%| O|  |TAMS 0x000000060f800000, 0x000000060f400000| Untracked 
|  62|0x000000060f800000, 0x000000060fc00000, 0x000000060fc00000|100%| O|  |TAMS 0x000000060fc00000, 0x000000060f800000| Untracked 
|  63|0x000000060fc00000, 0x0000000610000000, 0x0000000610000000|100%|HS|  |TAMS 0x0000000610000000, 0x000000060fc00000| Complete 
|  64|0x0000000610000000, 0x0000000610400000, 0x0000000610400000|100%|HC|  |TAMS 0x0000000610400000, 0x0000000610000000| Complete 
|  65|0x0000000610400000, 0x0000000610800000, 0x0000000610800000|100%| O|  |TAMS 0x0000000610800000, 0x0000000610400000| Untracked 
|  66|0x0000000610800000, 0x0000000610c00000, 0x0000000610c00000|100%| O|  |TAMS 0x0000000610c00000, 0x0000000610800000| Untracked 
|  67|0x0000000610c00000, 0x0000000611000000, 0x0000000611000000|100%| O|  |TAMS 0x0000000611000000, 0x0000000610c00000| Untracked 
|  68|0x0000000611000000, 0x0000000611400000, 0x0000000611400000|100%| O|  |TAMS 0x0000000611400000, 0x0000000611000000| Untracked 
|  69|0x0000000611400000, 0x0000000611800000, 0x0000000611800000|100%| O|  |TAMS 0x0000000611800000, 0x0000000611400000| Untracked 
|  70|0x0000000611800000, 0x0000000611c00000, 0x0000000611c00000|100%| O|  |TAMS 0x0000000611c00000, 0x0000000611800000| Untracked 
|  71|0x0000000611c00000, 0x0000000612000000, 0x0000000612000000|100%| O|  |TAMS 0x0000000612000000, 0x0000000611c00000| Untracked 
|  72|0x0000000612000000, 0x0000000612400000, 0x0000000612400000|100%| O|  |TAMS 0x0000000612400000, 0x0000000612000000| Untracked 
|  73|0x0000000612400000, 0x0000000612800000, 0x0000000612800000|100%| O|  |TAMS 0x0000000612800000, 0x0000000612400000| Untracked 
|  74|0x0000000612800000, 0x0000000612c00000, 0x0000000612c00000|100%| O|  |TAMS 0x0000000612c00000, 0x0000000612800000| Untracked 
|  75|0x0000000612c00000, 0x0000000613000000, 0x0000000613000000|100%| O|  |TAMS 0x0000000613000000, 0x0000000612c00000| Untracked 
|  76|0x0000000613000000, 0x0000000613400000, 0x0000000613400000|100%| O|  |TAMS 0x0000000613400000, 0x0000000613000000| Untracked 
|  77|0x0000000613400000, 0x0000000613800000, 0x0000000613800000|100%| O|  |TAMS 0x0000000613800000, 0x0000000613400000| Untracked 
|  78|0x0000000613800000, 0x0000000613c00000, 0x0000000613c00000|100%| O|  |TAMS 0x0000000613c00000, 0x0000000613800000| Untracked 
|  79|0x0000000613c00000, 0x0000000614000000, 0x0000000614000000|100%| O|  |TAMS 0x0000000614000000, 0x0000000613c00000| Untracked 
|  80|0x0000000614000000, 0x0000000614400000, 0x0000000614400000|100%| O|  |TAMS 0x0000000614400000, 0x0000000614000000| Untracked 
|  81|0x0000000614400000, 0x0000000614800000, 0x0000000614800000|100%| O|  |TAMS 0x0000000614800000, 0x0000000614400000| Untracked 
|  82|0x0000000614800000, 0x0000000614c00000, 0x0000000614c00000|100%| O|  |TAMS 0x0000000614c00000, 0x0000000614800000| Untracked 
|  83|0x0000000614c00000, 0x0000000615000000, 0x0000000615000000|100%| O|  |TAMS 0x0000000614c00000, 0x0000000614c00000| Untracked 
|  84|0x0000000615000000, 0x0000000615400000, 0x0000000615400000|100%| O|  |TAMS 0x0000000615000000, 0x0000000615000000| Untracked 
|  85|0x0000000615400000, 0x0000000615800000, 0x0000000615800000|100%| O|  |TAMS 0x0000000615800000, 0x0000000615400000| Untracked 
|  86|0x0000000615800000, 0x0000000615c00000, 0x0000000615c00000|100%| O|  |TAMS 0x0000000615c00000, 0x0000000615800000| Untracked 
|  87|0x0000000615c00000, 0x0000000616000000, 0x0000000616000000|100%| O|  |TAMS 0x0000000615c00000, 0x0000000615c00000| Untracked 
|  88|0x0000000616000000, 0x0000000616400000, 0x0000000616400000|100%| O|  |TAMS 0x0000000616400000, 0x0000000616000000| Untracked 
|  89|0x0000000616400000, 0x0000000616800000, 0x0000000616800000|100%| O|  |TAMS 0x00000006166e7e00, 0x0000000616400000| Untracked 
|  90|0x0000000616800000, 0x0000000616c00000, 0x0000000616c00000|100%| O|  |TAMS 0x0000000616800000, 0x0000000616800000| Untracked 
|  91|0x0000000616c00000, 0x0000000617000000, 0x0000000617000000|100%| O|  |TAMS 0x0000000616c00000, 0x0000000616c00000| Untracked 
|  92|0x0000000617000000, 0x0000000617400000, 0x0000000617400000|100%| O|  |TAMS 0x0000000617000000, 0x0000000617000000| Untracked 
|  93|0x0000000617400000, 0x0000000617800000, 0x0000000617800000|100%| O|  |TAMS 0x0000000617400000, 0x0000000617400000| Untracked 
|  94|0x0000000617800000, 0x0000000617c00000, 0x0000000617c00000|100%| O|  |TAMS 0x0000000617800000, 0x0000000617800000| Untracked 
|  95|0x0000000617c00000, 0x0000000618000000, 0x0000000618000000|100%| O|  |TAMS 0x0000000617c00000, 0x0000000617c00000| Untracked 
|  96|0x0000000618000000, 0x0000000618400000, 0x0000000618400000|100%| O|  |TAMS 0x0000000618000000, 0x0000000618000000| Untracked 
|  97|0x0000000618400000, 0x0000000618800000, 0x0000000618800000|100%| O|  |TAMS 0x0000000618400000, 0x0000000618400000| Untracked 
|  98|0x0000000618800000, 0x0000000618c00000, 0x0000000618c00000|100%| O|  |TAMS 0x0000000618800000, 0x0000000618800000| Untracked 
|  99|0x0000000618c00000, 0x0000000619000000, 0x0000000619000000|100%| O|  |TAMS 0x0000000618c00000, 0x0000000618c00000| Untracked 
| 100|0x0000000619000000, 0x0000000619400000, 0x0000000619400000|100%| O|  |TAMS 0x0000000619000000, 0x0000000619000000| Untracked 
| 101|0x0000000619400000, 0x0000000619800000, 0x0000000619800000|100%| O|  |TAMS 0x0000000619400000, 0x0000000619400000| Untracked 
| 102|0x0000000619800000, 0x0000000619c00000, 0x0000000619c00000|100%| O|  |TAMS 0x0000000619800000, 0x0000000619800000| Untracked 
| 103|0x0000000619c00000, 0x000000061a000000, 0x000000061a000000|100%| O|  |TAMS 0x0000000619c00000, 0x0000000619c00000| Untracked 
| 104|0x000000061a000000, 0x000000061a400000, 0x000000061a400000|100%| O|  |TAMS 0x000000061a000000, 0x000000061a000000| Untracked 
| 105|0x000000061a400000, 0x000000061a400000, 0x000000061a800000|  0%| F|  |TAMS 0x000000061a400000, 0x000000061a400000| Untracked 
| 106|0x000000061a800000, 0x000000061a800000, 0x000000061ac00000|  0%| F|  |TAMS 0x000000061a800000, 0x000000061a800000| Untracked 
| 107|0x000000061ac00000, 0x000000061ac00000, 0x000000061b000000|  0%| F|  |TAMS 0x000000061ac00000, 0x000000061ac00000| Untracked 
| 108|0x000000061b000000, 0x000000061b000000, 0x000000061b400000|  0%| F|  |TAMS 0x000000061b000000, 0x000000061b000000| Untracked 
| 109|0x000000061b400000, 0x000000061b400000, 0x000000061b800000|  0%| F|  |TAMS 0x000000061b400000, 0x000000061b400000| Untracked 
| 110|0x000000061b800000, 0x000000061b800000, 0x000000061bc00000|  0%| F|  |TAMS 0x000000061b800000, 0x000000061b800000| Untracked 
| 111|0x000000061bc00000, 0x000000061bc00000, 0x000000061c000000|  0%| F|  |TAMS 0x000000061bc00000, 0x000000061bc00000| Untracked 
| 112|0x000000061c000000, 0x000000061c000000, 0x000000061c400000|  0%| F|  |TAMS 0x000000061c000000, 0x000000061c000000| Untracked 
| 113|0x000000061c400000, 0x000000061c400000, 0x000000061c800000|  0%| F|  |TAMS 0x000000061c400000, 0x000000061c400000| Untracked 
| 114|0x000000061c800000, 0x000000061c800000, 0x000000061cc00000|  0%| F|  |TAMS 0x000000061c800000, 0x000000061c800000| Untracked 
| 115|0x000000061cc00000, 0x000000061cc00000, 0x000000061d000000|  0%| F|  |TAMS 0x000000061cc00000, 0x000000061cc00000| Untracked 
| 116|0x000000061d000000, 0x000000061d000000, 0x000000061d400000|  0%| F|  |TAMS 0x000000061d000000, 0x000000061d000000| Untracked 
| 117|0x000000061d400000, 0x000000061d400000, 0x000000061d800000|  0%| F|  |TAMS 0x000000061d400000, 0x000000061d400000| Untracked 
| 118|0x000000061d800000, 0x000000061d800000, 0x000000061dc00000|  0%| F|  |TAMS 0x000000061d800000, 0x000000061d800000| Untracked 
| 119|0x000000061dc00000, 0x000000061dc00000, 0x000000061e000000|  0%| F|  |TAMS 0x000000061dc00000, 0x000000061dc00000| Untracked 
| 120|0x000000061e000000, 0x000000061e000000, 0x000000061e400000|  0%| F|  |TAMS 0x000000061e000000, 0x000000061e000000| Untracked 
| 121|0x000000061e400000, 0x000000061e400000, 0x000000061e800000|  0%| F|  |TAMS 0x000000061e400000, 0x000000061e400000| Untracked 
| 122|0x000000061e800000, 0x000000061e800000, 0x000000061ec00000|  0%| F|  |TAMS 0x000000061e800000, 0x000000061e800000| Untracked 
| 123|0x000000061ec00000, 0x000000061ec00000, 0x000000061f000000|  0%| F|  |TAMS 0x000000061ec00000, 0x000000061ec00000| Untracked 
| 124|0x000000061f000000, 0x000000061f000000, 0x000000061f400000|  0%| F|  |TAMS 0x000000061f000000, 0x000000061f000000| Untracked 
| 125|0x000000061f400000, 0x000000061f400000, 0x000000061f800000|  0%| F|  |TAMS 0x000000061f400000, 0x000000061f400000| Untracked 
| 126|0x000000061f800000, 0x000000061f800000, 0x000000061fc00000|  0%| F|  |TAMS 0x000000061f800000, 0x000000061f800000| Untracked 
| 127|0x000000061fc00000, 0x000000061fc00000, 0x0000000620000000|  0%| F|  |TAMS 0x000000061fc00000, 0x000000061fc00000| Untracked 
| 128|0x0000000620000000, 0x0000000620000000, 0x0000000620400000|  0%| F|  |TAMS 0x0000000620000000, 0x0000000620000000| Untracked 
| 129|0x0000000620400000, 0x0000000620400000, 0x0000000620800000|  0%| F|  |TAMS 0x0000000620400000, 0x0000000620400000| Untracked 
| 130|0x0000000620800000, 0x0000000620800000, 0x0000000620c00000|  0%| F|  |TAMS 0x0000000620800000, 0x0000000620800000| Untracked 
| 131|0x0000000620c00000, 0x0000000620c00000, 0x0000000621000000|  0%| F|  |TAMS 0x0000000620c00000, 0x0000000620c00000| Untracked 
| 132|0x0000000621000000, 0x0000000621000000, 0x0000000621400000|  0%| F|  |TAMS 0x0000000621000000, 0x0000000621000000| Untracked 
| 133|0x0000000621400000, 0x0000000621400000, 0x0000000621800000|  0%| F|  |TAMS 0x0000000621400000, 0x0000000621400000| Untracked 
| 134|0x0000000621800000, 0x0000000621800000, 0x0000000621c00000|  0%| F|  |TAMS 0x0000000621800000, 0x0000000621800000| Untracked 
| 135|0x0000000621c00000, 0x0000000621e8d7e0, 0x0000000622000000| 63%| S|CS|TAMS 0x0000000621c00000, 0x0000000621c00000| Complete 
| 136|0x0000000622000000, 0x0000000622400000, 0x0000000622400000|100%| S|CS|TAMS 0x0000000622000000, 0x0000000622000000| Complete 
| 137|0x0000000622400000, 0x0000000622800000, 0x0000000622800000|100%| S|CS|TAMS 0x0000000622400000, 0x0000000622400000| Complete 
| 138|0x0000000622800000, 0x0000000622c00000, 0x0000000622c00000|100%| S|CS|TAMS 0x0000000622800000, 0x0000000622800000| Complete 
| 139|0x0000000622c00000, 0x0000000622c00000, 0x0000000623000000|  0%| F|  |TAMS 0x0000000622c00000, 0x0000000622c00000| Untracked 
| 140|0x0000000623000000, 0x0000000623000000, 0x0000000623400000|  0%| F|  |TAMS 0x0000000623000000, 0x0000000623000000| Untracked 
| 141|0x0000000623400000, 0x0000000623400000, 0x0000000623800000|  0%| F|  |TAMS 0x0000000623400000, 0x0000000623400000| Untracked 
| 142|0x0000000623800000, 0x0000000623800000, 0x0000000623c00000|  0%| F|  |TAMS 0x0000000623800000, 0x0000000623800000| Untracked 
| 143|0x0000000623c00000, 0x0000000623c00000, 0x0000000624000000|  0%| F|  |TAMS 0x0000000623c00000, 0x0000000623c00000| Untracked 
| 144|0x0000000624000000, 0x0000000624400000, 0x0000000624400000|100%| S|CS|TAMS 0x0000000624000000, 0x0000000624000000| Complete 
| 145|0x0000000624400000, 0x0000000624400000, 0x0000000624800000|  0%| F|  |TAMS 0x0000000624400000, 0x0000000624400000| Untracked 
| 146|0x0000000624800000, 0x0000000624800000, 0x0000000624c00000|  0%| F|  |TAMS 0x0000000624800000, 0x0000000624800000| Untracked 
| 147|0x0000000624c00000, 0x0000000624c00000, 0x0000000625000000|  0%| F|  |TAMS 0x0000000624c00000, 0x0000000624c00000| Untracked 
| 148|0x0000000625000000, 0x0000000625000000, 0x0000000625400000|  0%| F|  |TAMS 0x0000000625000000, 0x0000000625000000| Untracked 
| 149|0x0000000625400000, 0x0000000625400000, 0x0000000625800000|  0%| F|  |TAMS 0x0000000625400000, 0x0000000625400000| Untracked 
| 150|0x0000000625800000, 0x0000000625800000, 0x0000000625c00000|  0%| F|  |TAMS 0x0000000625800000, 0x0000000625800000| Untracked 
| 151|0x0000000625c00000, 0x0000000625c00000, 0x0000000626000000|  0%| F|  |TAMS 0x0000000625c00000, 0x0000000625c00000| Untracked 
| 152|0x0000000626000000, 0x0000000626000000, 0x0000000626400000|  0%| F|  |TAMS 0x0000000626000000, 0x0000000626000000| Untracked 
| 153|0x0000000626400000, 0x0000000626400000, 0x0000000626800000|  0%| F|  |TAMS 0x0000000626400000, 0x0000000626400000| Untracked 
| 154|0x0000000626800000, 0x0000000626800000, 0x0000000626c00000|  0%| F|  |TAMS 0x0000000626800000, 0x0000000626800000| Untracked 
| 155|0x0000000626c00000, 0x0000000626c00000, 0x0000000627000000|  0%| F|  |TAMS 0x0000000626c00000, 0x0000000626c00000| Untracked 
| 156|0x0000000627000000, 0x0000000627000000, 0x0000000627400000|  0%| F|  |TAMS 0x0000000627000000, 0x0000000627000000| Untracked 
| 157|0x0000000627400000, 0x0000000627400000, 0x0000000627800000|  0%| F|  |TAMS 0x0000000627400000, 0x0000000627400000| Untracked 
| 158|0x0000000627800000, 0x0000000627800000, 0x0000000627c00000|  0%| F|  |TAMS 0x0000000627800000, 0x0000000627800000| Untracked 
| 159|0x0000000627c00000, 0x0000000627c00000, 0x0000000628000000|  0%| F|  |TAMS 0x0000000627c00000, 0x0000000627c00000| Untracked 
| 160|0x0000000628000000, 0x0000000628000000, 0x0000000628400000|  0%| F|  |TAMS 0x0000000628000000, 0x0000000628000000| Untracked 
| 161|0x0000000628400000, 0x0000000628400000, 0x0000000628800000|  0%| F|  |TAMS 0x0000000628400000, 0x0000000628400000| Untracked 
| 162|0x0000000628800000, 0x0000000628800000, 0x0000000628c00000|  0%| F|  |TAMS 0x0000000628800000, 0x0000000628800000| Untracked 
| 163|0x0000000628c00000, 0x0000000628c00000, 0x0000000629000000|  0%| F|  |TAMS 0x0000000628c00000, 0x0000000628c00000| Untracked 
| 164|0x0000000629000000, 0x0000000629000000, 0x0000000629400000|  0%| F|  |TAMS 0x0000000629000000, 0x0000000629000000| Untracked 
| 165|0x0000000629400000, 0x0000000629400000, 0x0000000629800000|  0%| F|  |TAMS 0x0000000629400000, 0x0000000629400000| Untracked 
| 166|0x0000000629800000, 0x0000000629800000, 0x0000000629c00000|  0%| F|  |TAMS 0x0000000629800000, 0x0000000629800000| Untracked 
| 167|0x0000000629c00000, 0x0000000629c00000, 0x000000062a000000|  0%| F|  |TAMS 0x0000000629c00000, 0x0000000629c00000| Untracked 
| 168|0x000000062a000000, 0x000000062a000000, 0x000000062a400000|  0%| F|  |TAMS 0x000000062a000000, 0x000000062a000000| Untracked 
| 169|0x000000062a400000, 0x000000062a400000, 0x000000062a800000|  0%| F|  |TAMS 0x000000062a400000, 0x000000062a400000| Untracked 
| 170|0x000000062a800000, 0x000000062a800000, 0x000000062ac00000|  0%| F|  |TAMS 0x000000062a800000, 0x000000062a800000| Untracked 
| 171|0x000000062ac00000, 0x000000062ac00000, 0x000000062b000000|  0%| F|  |TAMS 0x000000062ac00000, 0x000000062ac00000| Untracked 
| 172|0x000000062b000000, 0x000000062b000000, 0x000000062b400000|  0%| F|  |TAMS 0x000000062b000000, 0x000000062b000000| Untracked 
| 173|0x000000062b400000, 0x000000062b400000, 0x000000062b800000|  0%| F|  |TAMS 0x000000062b400000, 0x000000062b400000| Untracked 
| 174|0x000000062b800000, 0x000000062b800000, 0x000000062bc00000|  0%| F|  |TAMS 0x000000062b800000, 0x000000062b800000| Untracked 
| 175|0x000000062bc00000, 0x000000062bc00000, 0x000000062c000000|  0%| F|  |TAMS 0x000000062bc00000, 0x000000062bc00000| Untracked 
| 176|0x000000062c000000, 0x000000062c000000, 0x000000062c400000|  0%| F|  |TAMS 0x000000062c000000, 0x000000062c000000| Untracked 
| 177|0x000000062c400000, 0x000000062c400000, 0x000000062c800000|  0%| F|  |TAMS 0x000000062c400000, 0x000000062c400000| Untracked 
| 178|0x000000062c800000, 0x000000062c800000, 0x000000062cc00000|  0%| F|  |TAMS 0x000000062c800000, 0x000000062c800000| Untracked 
| 179|0x000000062cc00000, 0x000000062cc00000, 0x000000062d000000|  0%| F|  |TAMS 0x000000062cc00000, 0x000000062cc00000| Untracked 
| 180|0x000000062d000000, 0x000000062d000000, 0x000000062d400000|  0%| F|  |TAMS 0x000000062d000000, 0x000000062d000000| Untracked 
| 181|0x000000062d400000, 0x000000062d400000, 0x000000062d800000|  0%| F|  |TAMS 0x000000062d400000, 0x000000062d400000| Untracked 
| 182|0x000000062d800000, 0x000000062d800000, 0x000000062dc00000|  0%| F|  |TAMS 0x000000062d800000, 0x000000062d800000| Untracked 
| 183|0x000000062dc00000, 0x000000062dc00000, 0x000000062e000000|  0%| F|  |TAMS 0x000000062dc00000, 0x000000062dc00000| Untracked 
| 184|0x000000062e000000, 0x000000062e000000, 0x000000062e400000|  0%| F|  |TAMS 0x000000062e000000, 0x000000062e000000| Untracked 
| 185|0x000000062e400000, 0x000000062e400000, 0x000000062e800000|  0%| F|  |TAMS 0x000000062e400000, 0x000000062e400000| Untracked 
| 186|0x000000062e800000, 0x000000062e800000, 0x000000062ec00000|  0%| F|  |TAMS 0x000000062e800000, 0x000000062e800000| Untracked 
| 187|0x000000062ec00000, 0x000000062ec00000, 0x000000062f000000|  0%| F|  |TAMS 0x000000062ec00000, 0x000000062ec00000| Untracked 
| 188|0x000000062f000000, 0x000000062f000000, 0x000000062f400000|  0%| F|  |TAMS 0x000000062f000000, 0x000000062f000000| Untracked 
| 189|0x000000062f400000, 0x000000062f400000, 0x000000062f800000|  0%| F|  |TAMS 0x000000062f400000, 0x000000062f400000| Untracked 
| 190|0x000000062f800000, 0x000000062f800000, 0x000000062fc00000|  0%| F|  |TAMS 0x000000062f800000, 0x000000062f800000| Untracked 
| 191|0x000000062fc00000, 0x000000062fc00000, 0x0000000630000000|  0%| F|  |TAMS 0x000000062fc00000, 0x000000062fc00000| Untracked 
| 192|0x0000000630000000, 0x0000000630000000, 0x0000000630400000|  0%| F|  |TAMS 0x0000000630000000, 0x0000000630000000| Untracked 
| 193|0x0000000630400000, 0x0000000630400000, 0x0000000630800000|  0%| F|  |TAMS 0x0000000630400000, 0x0000000630400000| Untracked 
| 194|0x0000000630800000, 0x0000000630800000, 0x0000000630c00000|  0%| F|  |TAMS 0x0000000630800000, 0x0000000630800000| Untracked 
| 195|0x0000000630c00000, 0x0000000630c00000, 0x0000000631000000|  0%| F|  |TAMS 0x0000000630c00000, 0x0000000630c00000| Untracked 
| 196|0x0000000631000000, 0x0000000631000000, 0x0000000631400000|  0%| F|  |TAMS 0x0000000631000000, 0x0000000631000000| Untracked 
| 197|0x0000000631400000, 0x0000000631400000, 0x0000000631800000|  0%| F|  |TAMS 0x0000000631400000, 0x0000000631400000| Untracked 
| 198|0x0000000631800000, 0x0000000631800000, 0x0000000631c00000|  0%| F|  |TAMS 0x0000000631800000, 0x0000000631800000| Untracked 
| 199|0x0000000631c00000, 0x0000000631c00000, 0x0000000632000000|  0%| F|  |TAMS 0x0000000631c00000, 0x0000000631c00000| Untracked 
| 200|0x0000000632000000, 0x0000000632000000, 0x0000000632400000|  0%| F|  |TAMS 0x0000000632000000, 0x0000000632000000| Untracked 
| 201|0x0000000632400000, 0x0000000632400000, 0x0000000632800000|  0%| F|  |TAMS 0x0000000632400000, 0x0000000632400000| Untracked 
| 202|0x0000000632800000, 0x0000000632800000, 0x0000000632c00000|  0%| F|  |TAMS 0x0000000632800000, 0x0000000632800000| Untracked 
| 203|0x0000000632c00000, 0x0000000632c00000, 0x0000000633000000|  0%| F|  |TAMS 0x0000000632c00000, 0x0000000632c00000| Untracked 
| 204|0x0000000633000000, 0x0000000633000000, 0x0000000633400000|  0%| F|  |TAMS 0x0000000633000000, 0x0000000633000000| Untracked 
| 205|0x0000000633400000, 0x0000000633400000, 0x0000000633800000|  0%| F|  |TAMS 0x0000000633400000, 0x0000000633400000| Untracked 
| 206|0x0000000633800000, 0x0000000633800000, 0x0000000633c00000|  0%| F|  |TAMS 0x0000000633800000, 0x0000000633800000| Untracked 
| 207|0x0000000633c00000, 0x0000000633c00000, 0x0000000634000000|  0%| F|  |TAMS 0x0000000633c00000, 0x0000000633c00000| Untracked 
| 208|0x0000000634000000, 0x0000000634000000, 0x0000000634400000|  0%| F|  |TAMS 0x0000000634000000, 0x0000000634000000| Untracked 
| 209|0x0000000634400000, 0x0000000634400000, 0x0000000634800000|  0%| F|  |TAMS 0x0000000634400000, 0x0000000634400000| Untracked 
| 210|0x0000000634800000, 0x0000000634800000, 0x0000000634c00000|  0%| F|  |TAMS 0x0000000634800000, 0x0000000634800000| Untracked 
| 211|0x0000000634c00000, 0x0000000634c00000, 0x0000000635000000|  0%| F|  |TAMS 0x0000000634c00000, 0x0000000634c00000| Untracked 
| 212|0x0000000635000000, 0x0000000635000000, 0x0000000635400000|  0%| F|  |TAMS 0x0000000635000000, 0x0000000635000000| Untracked 
| 213|0x0000000635400000, 0x0000000635400000, 0x0000000635800000|  0%| F|  |TAMS 0x0000000635400000, 0x0000000635400000| Untracked 
| 214|0x0000000635800000, 0x0000000635800000, 0x0000000635c00000|  0%| F|  |TAMS 0x0000000635800000, 0x0000000635800000| Untracked 
| 215|0x0000000635c00000, 0x0000000635c00000, 0x0000000636000000|  0%| F|  |TAMS 0x0000000635c00000, 0x0000000635c00000| Untracked 
| 216|0x0000000636000000, 0x0000000636000000, 0x0000000636400000|  0%| F|  |TAMS 0x0000000636000000, 0x0000000636000000| Untracked 
| 217|0x0000000636400000, 0x0000000636400000, 0x0000000636800000|  0%| F|  |TAMS 0x0000000636400000, 0x0000000636400000| Untracked 
| 218|0x0000000636800000, 0x0000000636800000, 0x0000000636c00000|  0%| F|  |TAMS 0x0000000636800000, 0x0000000636800000| Untracked 
| 219|0x0000000636c00000, 0x0000000636c00000, 0x0000000637000000|  0%| F|  |TAMS 0x0000000636c00000, 0x0000000636c00000| Untracked 
| 220|0x0000000637000000, 0x0000000637000000, 0x0000000637400000|  0%| F|  |TAMS 0x0000000637000000, 0x0000000637000000| Untracked 
| 221|0x0000000637400000, 0x0000000637400000, 0x0000000637800000|  0%| F|  |TAMS 0x0000000637400000, 0x0000000637400000| Untracked 
| 222|0x0000000637800000, 0x0000000637800000, 0x0000000637c00000|  0%| F|  |TAMS 0x0000000637800000, 0x0000000637800000| Untracked 
| 223|0x0000000637c00000, 0x0000000637c00000, 0x0000000638000000|  0%| F|  |TAMS 0x0000000637c00000, 0x0000000637c00000| Untracked 
| 224|0x0000000638000000, 0x0000000638000000, 0x0000000638400000|  0%| F|  |TAMS 0x0000000638000000, 0x0000000638000000| Untracked 
| 225|0x0000000638400000, 0x0000000638400000, 0x0000000638800000|  0%| F|  |TAMS 0x0000000638400000, 0x0000000638400000| Untracked 
| 226|0x0000000638800000, 0x0000000638800000, 0x0000000638c00000|  0%| F|  |TAMS 0x0000000638800000, 0x0000000638800000| Untracked 
| 227|0x0000000638c00000, 0x0000000638c00000, 0x0000000639000000|  0%| F|  |TAMS 0x0000000638c00000, 0x0000000638c00000| Untracked 
| 228|0x0000000639000000, 0x0000000639000000, 0x0000000639400000|  0%| F|  |TAMS 0x0000000639000000, 0x0000000639000000| Untracked 
| 229|0x0000000639400000, 0x0000000639400000, 0x0000000639800000|  0%| F|  |TAMS 0x0000000639400000, 0x0000000639400000| Untracked 
| 230|0x0000000639800000, 0x0000000639800000, 0x0000000639c00000|  0%| F|  |TAMS 0x0000000639800000, 0x0000000639800000| Untracked 
| 231|0x0000000639c00000, 0x0000000639c00000, 0x000000063a000000|  0%| F|  |TAMS 0x0000000639c00000, 0x0000000639c00000| Untracked 
| 232|0x000000063a000000, 0x000000063a000000, 0x000000063a400000|  0%| F|  |TAMS 0x000000063a000000, 0x000000063a000000| Untracked 

Card table byte_map: [0x0000024759230000,0x000002475a230000] _byte_map_base: 0x0000024756230000

Marking Bits (Prev, Next): (CMBitMap*) 0x000002472e5b9fa0, (CMBitMap*) 0x000002472e5b9fe0
 Prev Bits: [0x000002475b230000, 0x0000024763230000)
 Next Bits: [0x0000024763230000, 0x000002476b230000)

Polling page: 0x000002472e760000

Metaspace:

Usage:
  Non-class:    153.39 MB used.
      Class:     22.80 MB used.
       Both:    176.20 MB used.

Virtual space:
  Non-class space:      192.00 MB reserved,     154.25 MB ( 80%) committed,  3 nodes.
      Class space:        1.00 GB reserved,      23.44 MB (  2%) committed,  1 nodes.
             Both:        1.19 GB reserved,     177.69 MB ( 15%) committed. 

Chunk freelists:
   Non-Class:  5.67 MB
       Class:  8.42 MB
        Both:  14.09 MB

MaxMetaspaceSize: 4.00 GB
CompressedClassSpaceSize: 1.00 GB
Initial GC threshold: 21.00 MB
Current GC threshold: 295.88 MB
CDS: on
MetaspaceReclaimPolicy: balanced
 - commit_granule_bytes: 65536.
 - commit_granule_words: 8192.
 - virtual_space_node_default_size: 8388608.
 - enlarge_chunks_in_place: 1.
 - new_chunks_are_fully_committed: 0.
 - uncommit_free_chunks: 1.
 - use_allocation_guard: 0.
 - handle_deallocations: 1.


Internal statistics:

num_allocs_failed_limit: 45.
num_arena_births: 1948.
num_arena_deaths: 26.
num_vsnodes_births: 4.
num_vsnodes_deaths: 0.
num_space_committed: 2841.
num_space_uncommitted: 0.
num_chunks_returned_to_freelist: 106.
num_chunks_taken_from_freelist: 9395.
num_chunk_merges: 46.
num_chunk_splits: 6535.
num_chunks_enlarged: 4694.
num_inconsistent_stats: 0.

CodeHeap 'non-profiled nmethods': size=259264Kb used=18643Kb max_used=18643Kb free=240621Kb
 bounds [0x00000247483f0000, 0x0000024749630000, 0x0000024758120000]
CodeHeap 'profiled nmethods': size=259264Kb used=46296Kb max_used=46296Kb free=212968Kb
 bounds [0x0000024738120000, 0x000002473ae60000, 0x0000024747e50000]
CodeHeap 'non-nmethods': size=5760Kb used=2673Kb max_used=2734Kb free=3086Kb
 bounds [0x0000024747e50000, 0x0000024748110000, 0x00000247483f0000]
 total_blobs=23302 nmethods=22050 adapters=1161
 compilation: enabled
              stopped_count=0, restarted_count=0
 full_count=0

Compilation events (20 events):
Event: 327.343 Thread 0x000002476d4fe8a0 27554       4       com.esotericsoftware.kryo.io.Output::writeBytes (90 bytes)
Event: 327.346 Thread 0x000002476d4fe8a0 nmethod 27554 0x0000024749620190 code [0x0000024749620300, 0x0000024749620498]
Event: 327.371 Thread 0x000002476d4fe8a0 27555       4       org.gradle.internal.snapshot.MissingFileSnapshot::getType (4 bytes)
Event: 327.371 Thread 0x000002476d4fe8a0 nmethod 27555 0x0000024749620610 code [0x0000024749620780, 0x00000247496207f8]
Event: 327.452 Thread 0x000002476d4fe8a0 27556       4       com.google.common.collect.MapMakerInternalMap$Segment::removeFromChain (67 bytes)
Event: 327.471 Thread 0x000002476d4fe8a0 nmethod 27556 0x0000024749620910 code [0x0000024749620ac0, 0x00000247496212f8]
Event: 327.520 Thread 0x000002476d4fe8a0 27557       4       java.util.Formatter$FormatSpecifier::localizedMagnitude (419 bytes)
Event: 327.559 Thread 0x000002476d4fe8a0 nmethod 27557 0x0000024749621790 code [0x0000024749621980, 0x0000024749622978]
Event: 327.603 Thread 0x000002476d5053b0 27558       3       org.objectweb.asm.ClassReader::getTypeAnnotationBytecodeOffset (34 bytes)
Event: 327.603 Thread 0x000002476d5053b0 nmethod 27558 0x000002473ae55310 code [0x000002473ae554c0, 0x000002473ae557a8]
Event: 327.751 Thread 0x000002476d5053b0 27559       3       org.objectweb.asm.ClassReader::readTypeAnnotations (590 bytes)
Event: 327.753 Thread 0x000002476d5053b0 nmethod 27559 0x000002473ae55910 code [0x000002473ae55c20, 0x000002473ae57748]
Event: 327.876 Thread 0x000002476d5053b0 27560       3       org.objectweb.asm.tree.Util::asArrayList (60 bytes)
Event: 327.877 Thread 0x000002476d5053b0 nmethod 27560 0x000002473ae58010 code [0x000002473ae58260, 0x000002473ae58e38]
Event: 328.074 Thread 0x000002476d4fe8a0 27561       4       org.gradle.api.internal.artifacts.DefaultDependencyManagementServices$TransformGradleUserHomeServices$1::beforeTransformExecution (1 bytes)
Event: 328.074 Thread 0x000002476d4fe8a0 nmethod 27561 0x0000024749623590 code [0x0000024749623700, 0x0000024749623778]
Event: 328.169 Thread 0x000002476d4fe8a0 27562       4       org.apache.commons.compress.archivers.zip.ZipArchiveOutputStream::writeCounted (9 bytes)
Event: 328.179 Thread 0x000002476d4fe8a0 nmethod 27562 0x0000024749623890 code [0x0000024749623a80, 0x0000024749624310]
Event: 328.495 Thread 0x000002476d4fe8a0 27563       4       org.gradle.internal.snapshot.AbstractListChildMap::size (10 bytes)
Event: 328.495 Thread 0x000002476d4fe8a0 nmethod 27563 0x0000024749624910 code [0x0000024749624a80, 0x0000024749624b18]

GC Heap History (20 events):
Event: 296.455 GC heap after
{Heap after GC invocations=80 (full 0):
 garbage-first heap   total 954368K, used 385956K [0x0000000600000000, 0x0000000800000000)
  region size 4096K, 7 young (28672K), 7 survivors (28672K)
 Metaspace       used 180292K, committed 181760K, reserved 1245184K
  class space    used 23364K, committed 24000K, reserved 1048576K
}
Event: 307.363 GC heap before
{Heap before GC invocations=81 (full 0):
 garbage-first heap   total 954368K, used 762788K [0x0000000600000000, 0x0000000800000000)
  region size 4096K, 100 young (409600K), 7 survivors (28672K)
 Metaspace       used 180100K, committed 181760K, reserved 1245184K
  class space    used 23308K, committed 24000K, reserved 1048576K
}
Event: 307.429 GC heap after
{Heap after GC invocations=82 (full 0):
 garbage-first heap   total 954368K, used 397240K [0x0000000600000000, 0x0000000800000000)
  region size 4096K, 10 young (40960K), 10 survivors (40960K)
 Metaspace       used 180100K, committed 181760K, reserved 1245184K
  class space    used 23308K, committed 24000K, reserved 1048576K
}
Event: 307.467 GC heap before
{Heap before GC invocations=82 (full 0):
 garbage-first heap   total 954368K, used 397240K [0x0000000600000000, 0x0000000800000000)
  region size 4096K, 11 young (45056K), 10 survivors (40960K)
 Metaspace       used 180100K, committed 181760K, reserved 1245184K
  class space    used 23308K, committed 24000K, reserved 1048576K
}
Event: 307.528 GC heap after
{Heap after GC invocations=83 (full 0):
 garbage-first heap   total 954368K, used 389572K [0x0000000600000000, 0x0000000800000000)
  region size 4096K, 2 young (8192K), 2 survivors (8192K)
 Metaspace       used 180100K, committed 181760K, reserved 1245184K
  class space    used 23308K, committed 24000K, reserved 1048576K
}
Event: 311.164 GC heap before
{Heap before GC invocations=83 (full 0):
 garbage-first heap   total 954368K, used 774596K [0x0000000600000000, 0x0000000800000000)
  region size 4096K, 97 young (397312K), 2 survivors (8192K)
 Metaspace       used 180110K, committed 181760K, reserved 1245184K
  class space    used 23308K, committed 24000K, reserved 1048576K
}
Event: 311.197 GC heap after
{Heap after GC invocations=84 (full 0):
 garbage-first heap   total 954368K, used 404406K [0x0000000600000000, 0x0000000800000000)
  region size 4096K, 5 young (20480K), 5 survivors (20480K)
 Metaspace       used 180110K, committed 181760K, reserved 1245184K
  class space    used 23308K, committed 24000K, reserved 1048576K
}
Event: 313.066 GC heap before
{Heap before GC invocations=84 (full 0):
 garbage-first heap   total 954368K, used 781238K [0x0000000600000000, 0x0000000800000000)
  region size 4096K, 97 young (397312K), 5 survivors (20480K)
 Metaspace       used 180113K, committed 181760K, reserved 1245184K
  class space    used 23308K, committed 24000K, reserved 1048576K
}
Event: 313.100 GC heap after
{Heap after GC invocations=85 (full 0):
 garbage-first heap   total 954368K, used 410760K [0x0000000600000000, 0x0000000800000000)
  region size 4096K, 7 young (28672K), 7 survivors (28672K)
 Metaspace       used 180113K, committed 181760K, reserved 1245184K
  class space    used 23308K, committed 24000K, reserved 1048576K
}
Event: 314.595 GC heap before
{Heap before GC invocations=85 (full 0):
 garbage-first heap   total 954368K, used 791688K [0x0000000600000000, 0x0000000800000000)
  region size 4096K, 100 young (409600K), 7 survivors (28672K)
 Metaspace       used 180119K, committed 181760K, reserved 1245184K
  class space    used 23308K, committed 24000K, reserved 1048576K
}
Event: 314.627 GC heap after
{Heap after GC invocations=86 (full 0):
 garbage-first heap   total 954368K, used 413606K [0x0000000600000000, 0x0000000800000000)
  region size 4096K, 8 young (32768K), 8 survivors (32768K)
 Metaspace       used 180119K, committed 181760K, reserved 1245184K
  class space    used 23308K, committed 24000K, reserved 1048576K
}
Event: 319.307 GC heap before
{Heap before GC invocations=86 (full 0):
 garbage-first heap   total 954368K, used 798630K [0x0000000600000000, 0x0000000800000000)
  region size 4096K, 102 young (417792K), 8 survivors (32768K)
 Metaspace       used 180123K, committed 181760K, reserved 1245184K
  class space    used 23308K, committed 24000K, reserved 1048576K
}
Event: 319.344 GC heap after
{Heap after GC invocations=87 (full 0):
 garbage-first heap   total 954368K, used 411152K [0x0000000600000000, 0x0000000800000000)
  region size 4096K, 4 young (16384K), 4 survivors (16384K)
 Metaspace       used 180123K, committed 181760K, reserved 1245184K
  class space    used 23308K, committed 24000K, reserved 1048576K
}
Event: 322.804 GC heap before
{Heap before GC invocations=87 (full 0):
 garbage-first heap   total 954368K, used 800272K [0x0000000600000000, 0x0000000800000000)
  region size 4096K, 99 young (405504K), 4 survivors (16384K)
 Metaspace       used 180343K, committed 181888K, reserved 1245184K
  class space    used 23336K, committed 24000K, reserved 1048576K
}
Event: 322.829 GC heap after
{Heap after GC invocations=88 (full 0):
 garbage-first heap   total 954368K, used 417806K [0x0000000600000000, 0x0000000800000000)
  region size 4096K, 5 young (20480K), 5 survivors (20480K)
 Metaspace       used 180343K, committed 181888K, reserved 1245184K
  class space    used 23336K, committed 24000K, reserved 1048576K
}
Event: 325.982 GC heap before
{Heap before GC invocations=88 (full 0):
 garbage-first heap   total 954368K, used 798734K [0x0000000600000000, 0x0000000800000000)
  region size 4096K, 99 young (405504K), 5 survivors (20480K)
 Metaspace       used 180421K, committed 181952K, reserved 1245184K
  class space    used 23348K, committed 24000K, reserved 1048576K
}
Event: 326.028 GC heap after
{Heap after GC invocations=89 (full 0):
 garbage-first heap   total 954368K, used 435283K [0x0000000600000000, 0x0000000800000000)
  region size 4096K, 10 young (40960K), 10 survivors (40960K)
 Metaspace       used 180421K, committed 181952K, reserved 1245184K
  class space    used 23348K, committed 24000K, reserved 1048576K
}
Event: 327.394 GC heap before
{Heap before GC invocations=89 (full 0):
 garbage-first heap   total 954368K, used 795731K [0x0000000600000000, 0x0000000800000000)
  region size 4096K, 99 young (405504K), 10 survivors (40960K)
 Metaspace       used 180423K, committed 181952K, reserved 1245184K
  class space    used 23348K, committed 24000K, reserved 1048576K
}
Event: 327.446 GC heap after
{Heap after GC invocations=90 (full 0):
 garbage-first heap   total 954368K, used 443386K [0x0000000600000000, 0x0000000800000000)
  region size 4096K, 8 young (32768K), 8 survivors (32768K)
 Metaspace       used 180423K, committed 181952K, reserved 1245184K
  class space    used 23348K, committed 24000K, reserved 1048576K
}
Event: 328.789 GC heap before
{Heap before GC invocations=90 (full 0):
 garbage-first heap   total 954368K, used 803834K [0x0000000600000000, 0x0000000800000000)
  region size 4096K, 96 young (393216K), 8 survivors (32768K)
 Metaspace       used 180423K, committed 181952K, reserved 1245184K
  class space    used 23348K, committed 24000K, reserved 1048576K
}

Deoptimization events (20 events):
Event: 325.402 Thread 0x00000247b46aa4f0 Uncommon trap: trap_request=0xffffffd6 fr.pc=0x0000024749604d7c relative=0x000000000000093c
Event: 325.402 Thread 0x00000247b46aa4f0 Uncommon trap: reason=array_check action=maybe_recompile pc=0x0000024749604d7c method=java.util.ComparableTimSort.reverseRange([Ljava/lang/Object;II)V @ 27 c2
Event: 325.402 Thread 0x00000247b46aa4f0 DEOPT PACKING pc=0x0000024749604d7c sp=0x00000088434f81e0
Event: 325.402 Thread 0x00000247b46aa4f0 DEOPT UNPACKING pc=0x0000024747ea23a3 sp=0x00000088434f8138 mode 2
Event: 325.507 Thread 0x00000247b46aa4f0 Uncommon trap: trap_request=0xffffff45 fr.pc=0x00000247494f9edc relative=0x0000000000000ddc
Event: 325.507 Thread 0x00000247b46aa4f0 Uncommon trap: reason=unstable_if action=reinterpret pc=0x00000247494f9edc method=java.util.HashMap.merge(Ljava/lang/Object;Ljava/lang/Object;Ljava/util/function/BiFunction;)Ljava/lang/Object; @ 308 c2
Event: 325.507 Thread 0x00000247b46aa4f0 DEOPT PACKING pc=0x00000247494f9edc sp=0x00000088434f4f40
Event: 325.507 Thread 0x00000247b46aa4f0 DEOPT UNPACKING pc=0x0000024747ea23a3 sp=0x00000088434f4ee8 mode 2
Event: 325.507 Thread 0x00000247b46aa4f0 Uncommon trap: trap_request=0xffffff45 fr.pc=0x00000247494b6148 relative=0x0000000000001048
Event: 325.507 Thread 0x00000247b46aa4f0 Uncommon trap: reason=unstable_if action=reinterpret pc=0x00000247494b6148 method=java.util.HashMap.comparableClassFor(Ljava/lang/Object;)Ljava/lang/Class; @ 4 c2
Event: 325.507 Thread 0x00000247b46aa4f0 DEOPT PACKING pc=0x00000247494b6148 sp=0x00000088434f4de0
Event: 325.507 Thread 0x00000247b46aa4f0 DEOPT UNPACKING pc=0x0000024747ea23a3 sp=0x00000088434f4cf8 mode 2
Event: 325.507 Thread 0x00000247b46aa4f0 Uncommon trap: trap_request=0xffffff45 fr.pc=0x00000247485ca0f4 relative=0x0000000000000074
Event: 325.507 Thread 0x00000247b46aa4f0 Uncommon trap: reason=unstable_if action=reinterpret pc=0x00000247485ca0f4 method=java.util.HashMap.comparableClassFor(Ljava/lang/Object;)Ljava/lang/Class; @ 4 c2
Event: 325.507 Thread 0x00000247b46aa4f0 DEOPT PACKING pc=0x00000247485ca0f4 sp=0x00000088434f4da0
Event: 325.507 Thread 0x00000247b46aa4f0 DEOPT UNPACKING pc=0x0000024747ea23a3 sp=0x00000088434f4cf0 mode 2
Event: 326.867 Thread 0x00000247b7d80110 Uncommon trap: trap_request=0xffffff45 fr.pc=0x0000024748ecc690 relative=0x0000000000000090
Event: 326.867 Thread 0x00000247b7d80110 Uncommon trap: reason=unstable_if action=reinterpret pc=0x0000024748ecc690 method=org.objectweb.asm.ClassReader.getTypeAnnotationBytecodeOffset([II)I @ 19 c2
Event: 326.867 Thread 0x00000247b7d80110 DEOPT PACKING pc=0x0000024748ecc690 sp=0x0000008845ffac30
Event: 326.867 Thread 0x00000247b7d80110 DEOPT UNPACKING pc=0x0000024747ea23a3 sp=0x0000008845ffabc0 mode 2

Classes unloaded (20 events):
Event: 297.970 Thread 0x000002476d4dd110 Unloading class 0x00000247700a9000 '_BuildScript_'
Event: 297.970 Thread 0x000002476d4dd110 Unloading class 0x00000247700a33e8 '_BuildScript_$_run_closure1$_closure2'
Event: 297.970 Thread 0x000002476d4dd110 Unloading class 0x00000247700a3000 '_BuildScript_$_run_closure1'
Event: 297.970 Thread 0x000002476d4dd110 Unloading class 0x00000247700a2800 '_BuildScript_'
Event: 297.970 Thread 0x000002476d4dd110 Unloading class 0x0000024770093908 '_BuildScript_$_run_closure1$_closure2'
Event: 297.970 Thread 0x000002476d4dd110 Unloading class 0x0000024770093520 '_BuildScript_$_run_closure1'
Event: 297.970 Thread 0x000002476d4dd110 Unloading class 0x0000024770093000 '_BuildScript_'
Event: 297.970 Thread 0x000002476d4dd110 Unloading class 0x0000024770038400 '_BuildScript_$_run_closure1'
Event: 297.970 Thread 0x000002476d4dd110 Unloading class 0x0000024770038800 '_BuildScript_'
Event: 297.970 Thread 0x000002476d4dd110 Unloading class 0x00000247700323e8 '_BuildScript_$_run_closure2$_closure10'
Event: 297.970 Thread 0x000002476d4dd110 Unloading class 0x0000024770032000 '_BuildScript_$_run_closure2$_closure9'
Event: 297.970 Thread 0x000002476d4dd110 Unloading class 0x0000024770031b58 '_BuildScript_$_run_closure2$_closure8'
Event: 297.970 Thread 0x000002476d4dd110 Unloading class 0x0000024770031770 '_BuildScript_$_run_closure2$_closure7'
Event: 297.970 Thread 0x000002476d4dd110 Unloading class 0x0000024770031388 '_BuildScript_$_run_closure2$_closure6'
Event: 297.970 Thread 0x000002476d4dd110 Unloading class 0x0000024770030fa0 '_BuildScript_$_run_closure2$_closure5'
Event: 297.970 Thread 0x000002476d4dd110 Unloading class 0x0000024770030bb8 '_BuildScript_$_run_closure2$_closure4'
Event: 297.970 Thread 0x000002476d4dd110 Unloading class 0x00000247700307d0 '_BuildScript_$_run_closure2'
Event: 297.970 Thread 0x000002476d4dd110 Unloading class 0x00000247700303e8 '_BuildScript_$_run_closure1$_closure3'
Event: 297.970 Thread 0x000002476d4dd110 Unloading class 0x0000024770030000 '_BuildScript_$_run_closure1'
Event: 297.970 Thread 0x000002476d4dd110 Unloading class 0x000002477002c800 '_BuildScript_'

Classes redefined (0 events):
No events

Internal exceptions (20 events):
Event: 322.943 Thread 0x00000247b46aa4f0 Exception <a 'sun/nio/fs/WindowsException'{0x0000000639a04c68}> (0x0000000639a04c68) 
thrown [s\open\src\hotspot\share\prims\jni.cpp, line 516]
Event: 322.948 Thread 0x00000247b46aa4f0 Exception <a 'sun/nio/fs/WindowsException'{0x0000000639a16a20}> (0x0000000639a16a20) 
thrown [s\open\src\hotspot\share\prims\jni.cpp, line 516]
Event: 322.962 Thread 0x00000247b46aa4f0 Exception <a 'sun/nio/fs/WindowsException'{0x0000000639a29860}> (0x0000000639a29860) 
thrown [s\open\src\hotspot\share\prims\jni.cpp, line 516]
Event: 322.968 Thread 0x00000247b46aa4f0 Exception <a 'sun/nio/fs/WindowsException'{0x0000000639a33ae8}> (0x0000000639a33ae8) 
thrown [s\open\src\hotspot\share\prims\jni.cpp, line 516]
Event: 323.012 Thread 0x00000247b64f48d0 Exception <a 'sun/nio/fs/WindowsException'{0x00000006394848c0}> (0x00000006394848c0) 
thrown [s\open\src\hotspot\share\prims\jni.cpp, line 516]
Event: 323.014 Thread 0x00000247b64f48d0 Exception <a 'sun/nio/fs/WindowsException'{0x0000000639484f00}> (0x0000000639484f00) 
thrown [s\open\src\hotspot\share\prims\jni.cpp, line 516]
Event: 323.017 Thread 0x00000247b64f48d0 Exception <a 'sun/nio/fs/WindowsException'{0x00000006394947f0}> (0x00000006394947f0) 
thrown [s\open\src\hotspot\share\prims\jni.cpp, line 516]
Event: 323.020 Thread 0x00000247b64f48d0 Exception <a 'sun/nio/fs/WindowsException'{0x00000006394a50f8}> (0x00000006394a50f8) 
thrown [s\open\src\hotspot\share\prims\jni.cpp, line 516]
Event: 323.044 Thread 0x00000247b64f48d0 Exception <a 'sun/nio/fs/WindowsException'{0x00000006394b6388}> (0x00000006394b6388) 
thrown [s\open\src\hotspot\share\prims\jni.cpp, line 516]
Event: 323.049 Thread 0x00000247b64f48d0 Exception <a 'sun/nio/fs/WindowsException'{0x00000006394c2568}> (0x00000006394c2568) 
thrown [s\open\src\hotspot\share\prims\jni.cpp, line 516]
Event: 323.085 Thread 0x00000247b46aa4f0 Exception <a 'java/lang/ClassNotFoundException'{0x0000000639ab38b8}: build_7ja598gepk3xkd0yx5he5iodnBeanInfo> (0x0000000639ab38b8) 
thrown [s\open\src\hotspot\share\classfile\systemDictionary.cpp, line 256]
Event: 323.085 Thread 0x00000247b46aa4f0 Exception <a 'java/lang/ClassNotFoundException'{0x0000000639abae48}: build_7ja598gepk3xkd0yx5he5iodnCustomizer> (0x0000000639abae48) 
thrown [s\open\src\hotspot\share\classfile\systemDictionary.cpp, line 256]
Event: 325.705 Thread 0x00000247b7d7ce70 Exception <a 'sun/nio/fs/WindowsException'{0x0000000627511b40}> (0x0000000627511b40) 
thrown [s\open\src\hotspot\share\prims\jni.cpp, line 516]
Event: 325.734 Thread 0x00000247b46aa4f0 Exception <a 'sun/nio/fs/WindowsException'{0x00000006271692a0}> (0x00000006271692a0) 
thrown [s\open\src\hotspot\share\prims\jni.cpp, line 516]
Event: 325.743 Thread 0x00000247b7d80110 Exception <a 'sun/nio/fs/WindowsException'{0x0000000627a675e8}> (0x0000000627a675e8) 
thrown [s\open\src\hotspot\share\prims\jni.cpp, line 516]
Event: 325.754 Thread 0x00000247b7d7dda0 Exception <a 'sun/nio/fs/WindowsException'{0x0000000626cacc30}> (0x0000000626cacc30) 
thrown [s\open\src\hotspot\share\prims\jni.cpp, line 516]
Event: 325.871 Thread 0x00000247b7d7ce70 Exception <a 'sun/nio/fs/WindowsException'{0x0000000625fbe908}> (0x0000000625fbe908) 
thrown [s\open\src\hotspot\share\prims\jni.cpp, line 516]
Event: 326.299 Thread 0x00000247b7d80110 Exception <a 'sun/nio/fs/WindowsException'{0x0000000636ca4338}> (0x0000000636ca4338) 
thrown [s\open\src\hotspot\share\prims\jni.cpp, line 516]
Event: 326.593 Thread 0x00000247b46aa4f0 Exception <a 'sun/nio/fs/WindowsException'{0x0000000631723bd8}> (0x0000000631723bd8) 
thrown [s\open\src\hotspot\share\prims\jni.cpp, line 516]
Event: 328.161 Thread 0x00000247b7d7ce70 Exception <a 'sun/nio/fs/WindowsException'{0x000000062f8643f8}> (0x000000062f8643f8) 
thrown [s\open\src\hotspot\share\prims\jni.cpp, line 516]

VM Operations (20 events):
Event: 320.346 Executing VM operation: Cleanup done
Event: 322.043 Executing VM operation: HandshakeAllThreads
Event: 322.043 Executing VM operation: HandshakeAllThreads done
Event: 322.043 Executing VM operation: Cleanup
Event: 322.043 Executing VM operation: Cleanup done
Event: 322.804 Executing VM operation: G1CollectForAllocation
Event: 322.829 Executing VM operation: G1CollectForAllocation done
Event: 324.832 Executing VM operation: Cleanup
Event: 324.832 Executing VM operation: Cleanup done
Event: 325.841 Executing VM operation: Cleanup
Event: 325.841 Executing VM operation: Cleanup done
Event: 325.972 Executing VM operation: G1CollectForAllocation
Event: 326.030 Executing VM operation: G1CollectForAllocation done
Event: 327.037 Executing VM operation: Cleanup
Event: 327.037 Executing VM operation: Cleanup done
Event: 327.394 Executing VM operation: G1CollectForAllocation
Event: 327.446 Executing VM operation: G1CollectForAllocation done
Event: 328.450 Executing VM operation: Cleanup
Event: 328.451 Executing VM operation: Cleanup done
Event: 328.789 Executing VM operation: G1CollectForAllocation

Events (20 events):
Event: 295.713 Thread 0x00000247c0727010 Thread exited: 0x00000247c0727010
Event: 295.818 Thread 0x00000247c0727010 Thread added: 0x00000247c0727010
Event: 299.572 Thread 0x00000247c0727010 Thread exited: 0x00000247c0727010
Event: 300.312 Thread 0x00000247c079e2d0 Thread added: 0x00000247c079e2d0
Event: 300.906 Thread 0x00000247c079e2d0 Thread exited: 0x00000247c079e2d0
Event: 308.861 Thread 0x00000247c0727010 Thread added: 0x00000247c0727010
Event: 311.550 Thread 0x00000247c0727010 Thread exited: 0x00000247c0727010
Event: 321.923 Thread 0x00000247c0727560 Thread added: 0x00000247c0727560
Event: 322.063 Thread 0x000002476d9dc0e0 flushing nmethod 0x0000024738536510
Event: 322.064 Thread 0x000002476d9dc0e0 flushing nmethod 0x000002473867b210
Event: 322.067 Thread 0x000002476d9dc0e0 flushing nmethod 0x0000024738934c10
Event: 322.070 Thread 0x000002476d9dc0e0 flushing nmethod 0x0000024738b56a90
Event: 322.081 Thread 0x000002476d9dc0e0 flushing nmethod 0x00000247394be610
Event: 322.081 Thread 0x000002476d9dc0e0 flushing nmethod 0x00000247394bf090
Event: 322.097 Thread 0x000002476d9dc0e0 flushing nmethod 0x000002473a1a0510
Event: 322.097 Thread 0x000002476d9dc0e0 flushing nmethod 0x000002473a1f4610
Event: 322.097 Thread 0x000002476d9dc0e0 flushing nmethod 0x000002473a1f9310
Event: 322.890 Thread 0x00000247c0727560 Thread exited: 0x00000247c0727560
Event: 323.328 Thread 0x00000247c0728000 Thread added: 0x00000247c0728000
Event: 323.745 Thread 0x00000247c0728000 Thread exited: 0x00000247c0728000


Dynamic libraries:
0x00007ff714690000 - 0x00007ff7146a0000 	C:\Program Files\Java\jdk-17\bin\java.exe
0x00007ffde5ba0000 - 0x00007ffde5e07000 	C:\WINDOWS\SYSTEM32\ntdll.dll
0x00007ffde41a0000 - 0x00007ffde4269000 	C:\WINDOWS\System32\KERNEL32.DLL
0x00007ffde2520000 - 0x00007ffde2914000 	C:\WINDOWS\System32\KERNELBASE.dll
0x00007ffde3730000 - 0x00007ffde387b000 	C:\WINDOWS\System32\ucrtbase.dll
0x00007ffdbb3b0000 - 0x00007ffdbb3c9000 	C:\Program Files\Java\jdk-17\bin\jli.dll
0x00007ffde5610000 - 0x00007ffde56cc000 	C:\WINDOWS\System32\ADVAPI32.dll
0x00007ffde3930000 - 0x00007ffde39d9000 	C:\WINDOWS\System32\msvcrt.dll
0x00007ffde3bb0000 - 0x00007ffde3c57000 	C:\WINDOWS\System32\sechost.dll
0x00007ffde5210000 - 0x00007ffde5328000 	C:\WINDOWS\System32\RPCRT4.dll
0x00007ffdb3e50000 - 0x00007ffdb3e6b000 	C:\Program Files\Java\jdk-17\bin\VCRUNTIME140.dll
0x00007ffde3d60000 - 0x00007ffde3f26000 	C:\WINDOWS\System32\USER32.dll
0x00007ffdd2040000 - 0x00007ffdd22d3000 	C:\WINDOWS\WinSxS\amd64_microsoft.windows.common-controls_6595b64144ccf1df_6.0.26100.7934_none_3e0970d8e3336e0a\COMCTL32.dll
0x00007ffde2920000 - 0x00007ffde2947000 	C:\WINDOWS\System32\win32u.dll
0x00007ffde3b10000 - 0x00007ffde3b3b000 	C:\WINDOWS\System32\GDI32.dll
0x00007ffde2950000 - 0x00007ffde2a7a000 	C:\WINDOWS\System32\gdi32full.dll
0x00007ffde3880000 - 0x00007ffde3923000 	C:\WINDOWS\System32\msvcp_win.dll
0x00007ffddc690000 - 0x00007ffddc69b000 	C:\WINDOWS\SYSTEM32\VERSION.dll
0x00007ffde3fc0000 - 0x00007ffde3ff2000 	C:\WINDOWS\System32\IMM32.DLL
0x00007ffdbb3a0000 - 0x00007ffdbb3ac000 	C:\Program Files\Java\jdk-17\bin\vcruntime140_1.dll
0x00007ffda40c0000 - 0x00007ffda414e000 	C:\Program Files\Java\jdk-17\bin\msvcp140.dll
0x00007ffd154c0000 - 0x00007ffd160a1000 	C:\Program Files\Java\jdk-17\bin\server\jvm.dll
0x00007ffde3b40000 - 0x00007ffde3b48000 	C:\WINDOWS\System32\PSAPI.DLL
0x00007ffdd5b90000 - 0x00007ffdd5b9a000 	C:\WINDOWS\SYSTEM32\WSOCK32.dll
0x00007ffde3f30000 - 0x00007ffde3faf000 	C:\WINDOWS\System32\WS2_32.dll
0x00007ffddc650000 - 0x00007ffddc686000 	C:\WINDOWS\SYSTEM32\WINMM.dll
0x00007ffde11b0000 - 0x00007ffde11cb000 	C:\WINDOWS\SYSTEM32\kernel.appcore.dll
0x00007ffdb1810000 - 0x00007ffdb181a000 	C:\Program Files\Java\jdk-17\bin\jimage.dll
0x00007ffdd7510000 - 0x00007ffdd7752000 	C:\WINDOWS\SYSTEM32\DBGHELP.DLL
0x00007ffde4e80000 - 0x00007ffde5202000 	C:\WINDOWS\System32\combase.dll
0x00007ffde3c80000 - 0x00007ffde3d57000 	C:\WINDOWS\System32\OLEAUT32.dll
0x00007ffdcb730000 - 0x00007ffdcb76b000 	C:\WINDOWS\SYSTEM32\dbgcore.DLL
0x00007ffde2470000 - 0x00007ffde2515000 	C:\WINDOWS\System32\bcryptPrimitives.dll
0x00007ffdaa0a0000 - 0x00007ffdaa0ae000 	C:\Program Files\Java\jdk-17\bin\instrument.dll
0x00007ffdabca0000 - 0x00007ffdabcc5000 	C:\Program Files\Java\jdk-17\bin\java.dll
0x00007ffd79740000 - 0x00007ffd79817000 	C:\Program Files\Java\jdk-17\bin\jsvml.dll
0x00007ffde4610000 - 0x00007ffde4d74000 	C:\WINDOWS\System32\SHELL32.dll
0x00007ffde35c0000 - 0x00007ffde372a000 	C:\WINDOWS\System32\wintypes.dll
0x00007ffde2d50000 - 0x00007ffde35b4000 	C:\WINDOWS\System32\windows.storage.dll
0x00007ffde5510000 - 0x00007ffde5608000 	C:\WINDOWS\System32\SHCORE.dll
0x00007ffde4510000 - 0x00007ffde4577000 	C:\WINDOWS\System32\shlwapi.dll
0x00007ffde2390000 - 0x00007ffde23b9000 	C:\WINDOWS\SYSTEM32\profapi.dll
0x00007ffdaa0b0000 - 0x00007ffdaa0c8000 	C:\Program Files\Java\jdk-17\bin\zip.dll
0x00007ffdac370000 - 0x00007ffdac389000 	C:\Program Files\Java\jdk-17\bin\net.dll
0x00007ffdd73e0000 - 0x00007ffdd750d000 	C:\WINDOWS\SYSTEM32\WINHTTP.dll
0x00007ffde1700000 - 0x00007ffde176c000 	C:\WINDOWS\system32\mswsock.dll
0x00007ffdab890000 - 0x00007ffdab8a6000 	C:\Program Files\Java\jdk-17\bin\nio.dll
0x00007ffdb1800000 - 0x00007ffdb1810000 	C:\Program Files\Java\jdk-17\bin\verify.dll
0x00007ffda4da0000 - 0x00007ffda4dc7000 	C:\Users\peter\.gradle\native\1def1411415f61bf3af743bc5b6707747c0891f09f0c88961ee8f79bc544acac\windows-amd64\native-platform.dll
0x00007ffda0b00000 - 0x00007ffda0b78000 	C:\Users\peter\.gradle\native\0.2.7\x86_64-windows-gnu\gradle-fileevents.dll
0x00007ffdb13c0000 - 0x00007ffdb13ca000 	C:\Program Files\Java\jdk-17\bin\management.dll
0x00007ffdb1340000 - 0x00007ffdb134b000 	C:\Program Files\Java\jdk-17\bin\management_ext.dll
0x00007ffde0b00000 - 0x00007ffde0b33000 	C:\WINDOWS\SYSTEM32\IPHLPAPI.DLL
0x00007ffde4500000 - 0x00007ffde450a000 	C:\WINDOWS\System32\NSI.dll
0x00007ffdd7ff0000 - 0x00007ffdd800d000 	C:\WINDOWS\SYSTEM32\dhcpcsvc6.DLL
0x00007ffdd7880000 - 0x00007ffdd78a5000 	C:\WINDOWS\SYSTEM32\dhcpcsvc.DLL
0x00007ffde0c80000 - 0x00007ffde0db2000 	C:\WINDOWS\SYSTEM32\DNSAPI.dll
0x00007ffde1b00000 - 0x00007ffde1b1b000 	C:\WINDOWS\SYSTEM32\CRYPTSP.dll
0x00007ffde1110000 - 0x00007ffde1149000 	C:\WINDOWS\system32\rsaenh.dll
0x00007ffde17b0000 - 0x00007ffde17e2000 	C:\WINDOWS\SYSTEM32\USERENV.dll
0x00007ffde2360000 - 0x00007ffde238a000 	C:\WINDOWS\SYSTEM32\bcrypt.dll
0x00007ffde1960000 - 0x00007ffde196c000 	C:\WINDOWS\SYSTEM32\CRYPTBASE.dll
0x00007ffda8cd0000 - 0x00007ffda8cde000 	C:\Program Files\Java\jdk-17\bin\sunmscapi.dll
0x00007ffde2b10000 - 0x00007ffde2c87000 	C:\WINDOWS\System32\CRYPT32.dll
0x00007ffde1c60000 - 0x00007ffde1c90000 	C:\WINDOWS\SYSTEM32\ncrypt.dll
0x00007ffde1c10000 - 0x00007ffde1c4f000 	C:\WINDOWS\SYSTEM32\NTASN1.dll
0x00007ffdb3650000 - 0x00007ffdb3658000 	C:\WINDOWS\system32\wshunix.dll
0x00007ffdd2f40000 - 0x00007ffdd2f4b000 	C:\Windows\System32\rasadhlp.dll
0x00007ffdd6990000 - 0x00007ffdd6a16000 	C:\WINDOWS\System32\fwpuclnt.dll
0x00007ffdc43b0000 - 0x00007ffdc43c8000 	C:\WINDOWS\system32\napinsp.dll
0x00007ffdc4390000 - 0x00007ffdc43a3000 	C:\WINDOWS\System32\winrnr.dll
0x00007ffdc4360000 - 0x00007ffdc4382000 	C:\WINDOWS\system32\nlansp_c.dll
0x00007ffdc4340000 - 0x00007ffdc4356000 	C:\WINDOWS\system32\wshbth.dll

dbghelp: loaded successfully - version: 4.0.5 - missing functions: none
symbol engine: initialized successfully - sym options: 0x614 - pdb path: .;C:\Program Files\Java\jdk-17\bin;C:\WINDOWS\SYSTEM32;C:\WINDOWS\WinSxS\amd64_microsoft.windows.common-controls_6595b64144ccf1df_6.0.26100.7934_none_3e0970d8e3336e0a;C:\Program Files\Java\jdk-17\bin\server;C:\Users\peter\.gradle\native\1def1411415f61bf3af743bc5b6707747c0891f09f0c88961ee8f79bc544acac\windows-amd64;C:\Users\peter\.gradle\native\0.2.7\x86_64-windows-gnu

VM Arguments:
jvm_args: --add-opens=java.base/java.lang=ALL-UNNAMED --add-opens=java.base/java.lang.invoke=ALL-UNNAMED --add-opens=java.base/java.util=ALL-UNNAMED --add-opens=java.prefs/java.util.prefs=ALL-UNNAMED --add-exports=jdk.compiler/com.sun.tools.javac.api=ALL-UNNAMED --add-exports=jdk.compiler/com.sun.tools.javac.util=ALL-UNNAMED --add-opens=java.base/java.util=ALL-UNNAMED --add-opens=java.prefs/java.util.prefs=ALL-UNNAMED --add-opens=java.base/java.nio.charset=ALL-UNNAMED --add-opens=java.base/java.net=ALL-UNNAMED --add-opens=java.base/java.util.concurrent.atomic=ALL-UNNAMED --add-opens=java.xml/javax.xml.namespace=ALL-UNNAMED -XX:MaxMetaspaceSize=4G -XX:ReservedCodeCacheSize=512m -XX:+HeapDumpOnOutOfMemoryError -Xmx8G -Dfile.encoding=windows-1252 -Duser.country=US -Duser.language=en -Duser.variant -javaagent:C:\Users\peter\.gradle\wrapper\dists\gradle-8.14-all\c2qonpi39x1mddn7hk5gh9iqj\gradle-8.14\lib\agents\gradle-instrumentation-agent-8.14.jar 
java_command: org.gradle.launcher.daemon.bootstrap.GradleDaemon 8.14
java_class_path (initial): C:\Users\peter\.gradle\wrapper\dists\gradle-8.14-all\c2qonpi39x1mddn7hk5gh9iqj\gradle-8.14\lib\gradle-daemon-main-8.14.jar
Launcher Type: SUN_STANDARD

[Global flags]
     intx CICompilerCount                          = 3                                         {product} {ergonomic}
     uint ConcGCThreads                            = 1                                         {product} {ergonomic}
     uint G1ConcRefinementThreads                  = 4                                         {product} {ergonomic}
   size_t G1HeapRegionSize                         = 4194304                                   {product} {ergonomic}
    uintx GCDrainStackTargetSize                   = 64                                        {product} {ergonomic}
     bool HeapDumpOnOutOfMemoryError               = true                                   {manageable} {command line}
   size_t InitialHeapSize                          = 167772160                                 {product} {ergonomic}
   size_t MarkStackSize                            = 4194304                                   {product} {ergonomic}
   size_t MaxHeapSize                              = 8589934592                                {product} {command line}
   size_t MaxMetaspaceSize                         = 4294967296                                {product} {command line}
   size_t MaxNewSize                               = 5150605312                                {product} {ergonomic}
   size_t MinHeapDeltaBytes                        = 4194304                                   {product} {ergonomic}
   size_t MinHeapSize                              = 8388608                                   {product} {ergonomic}
    uintx NonNMethodCodeHeapSize                   = 5832780                                {pd product} {ergonomic}
    uintx NonProfiledCodeHeapSize                  = 265519066                              {pd product} {ergonomic}
    uintx ProfiledCodeHeapSize                     = 265519066                              {pd product} {ergonomic}
    uintx ReservedCodeCacheSize                    = 536870912                              {pd product} {command line}
     bool SegmentedCodeCache                       = true                                      {product} {ergonomic}
   size_t SoftMaxHeapSize                          = 8589934592                             {manageable} {ergonomic}
   double SweeperThreshold                         = 0.234375                                  {product} {ergonomic}
     bool UseCompressedClassPointers               = true                           {product lp64_product} {ergonomic}
     bool UseCompressedOops                        = true                           {product lp64_product} {ergonomic}
     bool UseG1GC                                  = true                                      {product} {ergonomic}
     bool UseLargePagesIndividualAllocation        = false                                  {pd product} {ergonomic}

Logging:
Log output configuration:
 #0: stdout all=warning uptime,level,tags
 #1: stderr all=off uptime,level,tags

Environment Variables:
JAVA_HOME=C:\Program Files\Java\jdk-17
CLASSPATH=E:\tether\android\\gradle\wrapper\gradle-wrapper.jar
PATH=C:\Program Files\Java\jdk-17\bin;C:\Program Files (x86)\Common Files\Intel\Shared Libraries\redist\intel64\compiler;C:\Program Files\Common Files\Oracle\Java\javapath;C:\WINDOWS\system32;C:\WINDOWS;C:\WINDOWS\System32\Wbem;C:\WINDOWS\System32\WindowsPowerShell\v1.0\;C:\WINDOWS\System32\OpenSSH\;D:\flutter\bin;C:\android-command-line-tools;C:\Android\platform-tools;C:\Android\cmdline-tools\latest\bin;C:\Users\peter\AppData\Local\nvm;C:\nvm4w\nodejs;C:\Program Files\dotnet\;C:\WINDOWS\system32;C:\WINDOWS;C:\WINDOWS\System32\Wbem;C:\WINDOWS\System32\WindowsPowerShell\v1.0\;C:\WINDOWS\System32\OpenSSH\;C:\Users\peter\.local\bin;C:\nuget.exe;C:\Tools\nuget\;C:\Program Files\GitHub CLI\;C:\Program Files\Docker\Docker\resources\bin;C:\Program Files\PowerToys\DSCModules\;C:\Users\peter\dev\flutter\bin;C:\Users\peter\.cargo\bin;C:\Program Files\MySQL\MySQL Shell 8.0\bin\;C:\Users\peter\AppData\Local\Programs\Python\Python314\Scripts\;C:\Users\peter\AppData\Local\Programs\Python\Python314\;bin;C:\Users\peter\scoop\apps\vscode-insiders\current\bin;C:\Users\peter\scoop\shims;C:\Users\peter\AppData\Local\Microsoft\WindowsApps;C:\Users\peter\AppData\Local\nvm;C:\nvm4w\nodejs;C:\Users\peter\AppData\Local\Pub\Cache\bin;C:\Users\peter\AppData\Local\Microsoft\WinGet\Links;C:\nuget.exe;C:\Tools\nuget\;C:\Users\peter\.bun\bin;C:\Users\peter\AppData\Local\Programs\Antigravity\bin;C:\Users\peter\AppData\Local\Programs\Windsurf\bin;C:\Users\peter\dev\flutter\bin\mingit\cmd;C:\Users\peter\dev\flutter\bin\mingit\cmd
USERNAME=peter
OS=Windows_NT
PROCESSOR_IDENTIFIER=AMD64 Family 23 Model 24 Stepping 1, AuthenticAMD



---------------  S Y S T E M  ---------------

OS:
 Windows 11 , 64 bit Build 26100 (10.0.26100.7934)
OS uptime: 0 days 23:22 hours
Hyper-V role detected

CPU: total 4 (initial active 4) (4 cores per cpu, 2 threads per core) family 23 model 24 stepping 1 microcode 0x810810e, cx8, cmov, fxsr, ht, mmx, 3dnowpref, sse, sse2, sse3, ssse3, sse4a, sse4.1, sse4.2, popcnt, lzcnt, tsc, tscinvbit, avx, avx2, aes, clmul, bmi1, bmi2, adx, sha, fma, vzeroupper, clflush, clflushopt, hv

Memory: 4k page, system-wide physical 10126M (892M free)
TotalPageFile size 23928M (AvailPageFile size 1177M)
current process WorkingSet (physical memory assigned to process): 1310M, peak: 1317M
current process commit charge ("private bytes"): 1435M, peak: 2612M

vm_info: Java HotSpot(TM) 64-Bit Server VM (17.0.14+8-LTS-191) for windows-amd64 JRE (17.0.14+8-LTS-191), built on Dec  3 2024 11:07:59 by "mach5one" with MS VC++ 17.6 (VS2022)

END.
